SF:lib/features/leads/presentation/providers/paginated_leads_provider.dart
DA:13,29
DA:25,30
DA:34,1
DA:37,1
DA:38,3
DA:39,3
DA:40,3
DA:41,3
DA:42,3
DA:43,3
DA:44,3
DA:46,0
DA:48,0
DA:49,0
DA:50,0
DA:51,0
DA:52,0
DA:53,0
DA:55,0
DA:63,0
DA:64,0
DA:65,0
DA:66,0
DA:67,0
DA:68,0
DA:69,0
DA:74,1
DA:75,1
DA:76,1
DA:77,3
DA:78,1
DA:79,1
DA:80,1
DA:81,1
DA:98,4
DA:110,4
DA:121,4
DA:122,4
DA:123,3
DA:124,4
DA:125,4
DA:126,4
DA:127,4
DA:128,4
DA:130,4
DA:138,16
DA:139,8
DA:140,4
DA:144,8
DA:145,4
DA:146,4
DA:149,2
DA:154,0
DA:156,0
DA:157,0
DA:158,0
DA:163,0
DA:174,12
DA:175,4
DA:178,4
DA:180,16
DA:181,8
DA:182,4
DA:186,16
DA:187,8
DA:188,4
DA:192,16
DA:193,8
DA:194,4
DA:195,8
DA:197,8
DA:198,0
DA:204,4
DA:205,4
DA:208,4
DA:210,12
DA:211,12
DA:212,12
DA:215,12
DA:216,1
DA:217,1
DA:218,1
DA:221,2
DA:224,1
DA:227,3
DA:228,3
DA:234,4
DA:235,8
DA:237,4
DA:238,20
DA:239,20
DA:240,20
DA:241,32
DA:243,12
DA:248,16
DA:249,0
DA:250,0
DA:252,0
DA:255,8
DA:257,4
DA:258,12
DA:259,12
DA:260,12
DA:261,12
DA:262,12
DA:267,15
DA:269,9
DA:272,3
DA:273,3
DA:274,3
DA:275,3
DA:278,6
DA:280,2
DA:285,1
DA:286,4
DA:287,0
DA:288,0
DA:293,3
DA:294,3
DA:296,3
DA:301,4
DA:302,0
DA:303,0
DA:305,0
DA:308,2
DA:310,1
DA:311,3
DA:312,3
DA:313,3
DA:314,3
DA:315,3
DA:319,3
DA:320,11
DA:321,3
DA:324,5
DA:326,3
DA:327,4
DA:329,1
DA:330,1
DA:331,1
DA:332,1
DA:335,5
DA:337,0
DA:338,0
DA:340,0
DA:345,3
DA:346,9
DA:347,3
DA:351,3
DA:355,2
DA:363,2
DA:364,6
DA:365,6
DA:368,2
DA:378,2
DA:381,2
DA:390,6
DA:391,2
DA:392,1
DA:394,1
DA:395,2
DA:396,2
DA:397,2
DA:398,2
DA:399,1
DA:401,1
DA:402,1
DA:403,1
DA:404,1
DA:405,1
DA:406,1
DA:407,1
DA:408,1
DA:409,1
DA:410,1
DA:413,5
DA:417,4
DA:418,6
DA:419,2
DA:420,1
DA:424,1
DA:426,1
DA:427,3
DA:428,0
DA:432,1
DA:433,0
DA:434,1
DA:437,5
DA:443,0
DA:444,0
DA:445,0
DA:446,0
DA:447,0
DA:452,0
DA:453,0
DA:454,0
DA:455,0
DA:460,1
DA:461,3
DA:462,1
DA:463,1
LF:201
LH:158
end_of_record
SF:lib/features/leads/presentation/providers/job_provider.dart
DA:9,4
DA:10,1
DA:13,13
DA:14,2
DA:15,1
DA:18,9
DA:19,0
DA:20,0
DA:23,0
DA:24,0
DA:25,0
DA:34,1
DA:41,0
DA:47,0
DA:48,0
DA:49,0
DA:50,0
DA:60,3
DA:62,0
DA:63,0
DA:66,0
DA:67,0
DA:69,0
DA:71,0
DA:72,0
DA:73,0
DA:75,0
DA:78,0
DA:79,0
DA:80,0
DA:85,0
DA:86,0
DA:87,0
DA:89,0
DA:91,0
DA:92,0
DA:94,0
DA:95,0
DA:97,0
DA:105,3
DA:106,0
DA:107,0
LF:42
LH:9
end_of_record
SF:lib/features/leads/data/datasources/leads_remote_datasource.dart
DA:43,3
DA:46,1
DA:48,1
DA:50,2
DA:57,0
DA:64,0
DA:67,0
DA:68,0
DA:69,0
DA:71,0
DA:72,0
DA:76,0
DA:77,0
DA:78,0
DA:79,0
DA:80,0
DA:84,1
DA:95,1
DA:101,0
DA:102,0
DA:103,1
DA:104,1
DA:105,1
DA:107,3
DA:108,2
DA:112,3
DA:115,2
DA:116,2
DA:120,0
DA:121,0
DA:124,0
DA:125,0
DA:126,0
DA:128,1
DA:129,3
DA:130,4
DA:131,3
DA:135,0
DA:141,0
DA:143,0
DA:148,0
DA:149,0
DA:154,0
DA:155,0
DA:156,0
DA:158,0
DA:159,0
DA:160,0
DA:162,0
DA:164,0
DA:171,0
DA:173,0
DA:174,0
DA:175,0
DA:179,0
DA:182,0
DA:183,0
DA:184,0
DA:185,0
DA:190,0
DA:194,0
DA:195,0
DA:198,0
DA:199,0
DA:200,0
DA:207,0
DA:208,0
DA:209,0
DA:210,0
DA:211,0
DA:212,0
DA:213,0
DA:214,0
DA:215,0
DA:216,0
DA:217,0
DA:221,0
DA:222,0
DA:223,0
DA:224,0
DA:225,0
DA:226,0
DA:227,0
DA:228,0
DA:229,0
DA:230,0
DA:231,0
DA:232,0
DA:233,0
DA:234,0
DA:235,0
DA:236,0
DA:237,0
DA:238,0
DA:239,0
DA:240,0
DA:244,0
DA:245,0
DA:247,0
DA:249,0
DA:255,0
DA:256,0
DA:259,0
DA:260,0
DA:264,0
DA:266,0
DA:267,0
DA:268,0
DA:272,1
DA:276,1
DA:277,1
DA:281,1
DA:282,2
DA:284,1
DA:285,3
DA:288,3
DA:289,4
DA:291,2
DA:292,3
DA:296,3
DA:297,4
DA:299,2
DA:300,0
DA:301,0
DA:302,0
DA:306,0
DA:309,0
DA:310,0
DA:313,0
DA:314,0
DA:315,0
DA:319,1
DA:322,3
DA:323,2
DA:325,4
DA:327,3
DA:328,0
DA:329,0
DA:330,0
DA:331,0
DA:332,0
DA:336,0
DA:339,0
DA:340,0
DA:341,0
DA:342,0
DA:346,0
DA:349,0
DA:350,0
DA:351,0
DA:352,0
DA:356,1
DA:359,4
DA:362,2
DA:364,2
DA:365,1
DA:369,0
DA:372,0
DA:373,1
DA:375,1
DA:376,0
DA:377,2
DA:378,0
DA:379,2
DA:380,1
DA:382,0
DA:386,0
DA:390,0
DA:393,0
DA:394,0
DA:395,0
DA:399,0
DA:402,0
DA:403,0
DA:405,0
DA:406,0
DA:407,0
DA:410,0
DA:411,0
LF:179
LH:47
end_of_record
SF:lib/features/leads/data/models/paginated_response.dart
DA:19,3
DA:29,0
DA:33,0
DA:35,0
DA:36,0
LF:5
LH:1
end_of_record
SF:lib/features/leads/data/models/paginated_response.g.dart
DA:9,0
DA:13,0
DA:14,0
DA:15,0
DA:16,0
DA:17,0
DA:18,0
DA:19,0
DA:20,0
DA:23,0
DA:27,0
DA:28,0
DA:29,0
DA:30,0
DA:31,0
DA:32,0
DA:33,0
DA:34,0
LF:18
LH:0
end_of_record
SF:lib/features/leads/data/models/lead_model.dart
DA:103,5
DA:153,1
DA:154,1
DA:156,2
DA:158,4
DA:159,4
DA:160,4
DA:161,4
DA:162,4
DA:163,4
DA:164,4
DA:165,4
DA:166,4
DA:167,4
DA:168,4
DA:169,4
DA:170,4
DA:171,4
DA:172,4
DA:173,4
DA:174,4
DA:175,4
DA:176,8
DA:177,4
DA:178,4
DA:179,4
DA:180,4
DA:181,4
DA:182,4
DA:183,12
DA:184,4
DA:185,4
DA:186,4
DA:187,4
DA:188,4
DA:189,4
DA:190,4
DA:191,4
DA:192,4
DA:193,4
DA:194,4
DA:195,4
DA:196,4
DA:197,4
DA:198,4
DA:199,4
DA:200,4
DA:201,4
DA:202,4
DA:203,4
DA:204,4
DA:205,4
DA:206,4
DA:210,1
DA:211,1
DA:212,1
DA:213,1
DA:214,1
DA:215,1
DA:216,1
DA:217,1
DA:218,1
DA:219,1
DA:220,1
DA:221,1
DA:222,1
DA:223,1
DA:224,1
DA:225,1
DA:226,1
DA:227,1
DA:228,2
DA:229,1
DA:230,1
DA:231,1
DA:232,1
DA:233,1
DA:234,1
DA:235,3
DA:236,1
DA:237,1
DA:238,1
DA:239,1
DA:240,1
DA:241,1
DA:242,1
DA:243,1
DA:244,1
DA:245,1
DA:246,1
DA:247,1
DA:248,1
DA:249,1
DA:250,1
DA:251,1
DA:252,1
DA:253,1
DA:254,1
DA:255,1
DA:256,1
DA:257,1
DA:258,1
DA:262,4
DA:264,4
DA:266,1
DA:268,1
DA:270,1
DA:271,0
DA:273,0
DA:275,0
DA:277,0
DA:278,0
DA:279,0
DA:281,0
DA:282,0
DA:289,1
DA:291,1
DA:293,1
DA:295,1
DA:297,1
DA:299,0
DA:301,0
DA:303,0
DA:305,0
LF:124
LH:112
end_of_record
SF:lib/features/leads/data/models/lead_model.g.dart
DA:9,2
DA:10,1
DA:11,1
DA:12,1
DA:13,1
DA:14,1
DA:15,1
DA:16,1
DA:17,1
DA:19,0
DA:20,1
DA:21,1
DA:22,1
DA:23,1
DA:24,1
DA:25,1
DA:26,1
DA:27,1
DA:28,1
DA:29,1
DA:30,1
DA:31,1
DA:32,2
DA:33,2
DA:34,1
DA:36,2
DA:37,1
DA:38,0
DA:39,0
DA:40,0
DA:41,1
DA:42,1
DA:44,1
DA:46,1
DA:48,1
DA:50,1
DA:52,1
DA:54,1
DA:56,1
DA:57,1
DA:59,1
DA:61,1
DA:62,1
DA:63,1
DA:65,0
DA:66,1
DA:67,1
DA:68,1
DA:71,0
DA:72,1
DA:73,1
DA:74,1
DA:75,1
DA:76,1
DA:77,1
DA:79,0
DA:82,2
DA:83,1
DA:84,1
DA:85,1
DA:86,1
DA:87,1
DA:88,1
DA:89,1
DA:90,1
DA:91,1
DA:92,1
DA:93,1
DA:94,1
DA:95,1
DA:96,1
DA:97,1
DA:98,1
DA:99,1
DA:100,1
DA:101,1
DA:102,1
DA:103,2
DA:104,2
DA:105,2
DA:106,1
DA:107,1
DA:108,1
DA:109,1
DA:110,1
DA:112,1
DA:114,1
DA:116,1
DA:117,1
DA:118,1
DA:119,1
DA:120,1
DA:121,1
DA:122,1
DA:123,1
DA:124,1
DA:125,1
DA:127,1
DA:128,1
DA:129,1
DA:130,1
DA:131,1
DA:132,1
DA:134,1
LF:104
LH:97
end_of_record
SF:lib/features/leads/domain/entities/filter_state.dart
DA:26,2
DA:28,2
DA:30,2
DA:32,2
DA:34,1
DA:36,1
DA:38,1
DA:68,38
DA:91,1
DA:113,1
DA:114,1
DA:115,1
DA:116,1
DA:117,1
DA:118,1
DA:119,1
DA:120,1
DA:121,1
DA:122,1
DA:123,1
DA:124,1
DA:125,1
DA:126,1
DA:127,1
DA:128,1
DA:130,1
DA:131,1
DA:132,1
DA:133,1
DA:138,0
DA:139,0
DA:140,0
DA:141,0
DA:142,0
DA:143,0
DA:144,0
DA:145,0
DA:146,0
DA:147,0
DA:148,0
DA:149,0
DA:150,0
DA:151,0
DA:152,0
DA:153,0
DA:157,0
DA:158,0
DA:159,0
DA:160,0
DA:161,0
DA:162,0
DA:163,0
DA:164,0
DA:165,0
DA:166,0
DA:167,0
DA:168,0
DA:169,0
DA:170,0
DA:171,0
DA:172,0
DA:173,0
DA:175,0
DA:176,0
DA:177,0
DA:178,0
DA:183,0
DA:184,0
DA:185,0
DA:186,0
DA:187,0
DA:188,0
DA:189,0
DA:190,0
DA:191,0
DA:192,0
DA:193,0
DA:194,0
DA:195,0
DA:196,0
DA:197,0
DA:198,0
DA:199,0
DA:201,0
DA:202,0
DA:203,0
DA:204,0
DA:208,0
DA:209,0
DA:210,0
DA:211,0
DA:212,0
DA:213,0
DA:214,0
DA:215,0
DA:216,0
DA:217,0
DA:218,0
DA:219,0
DA:220,0
DA:221,0
DA:222,0
DA:223,0
DA:224,0
DA:226,0
DA:227,0
DA:228,0
DA:229,0
DA:238,86
DA:243,3
DA:247,3
DA:248,3
DA:249,0
DA:253,6
DA:256,0
DA:257,0
DA:258,0
DA:259,0
DA:264,0
DA:265,0
DA:266,0
DA:267,0
DA:268,0
DA:271,0
DA:273,0
DA:277,0
DA:278,0
DA:289,36
DA:297,0
DA:304,0
DA:305,0
DA:306,0
DA:307,0
DA:308,0
DA:309,0
DA:314,0
DA:315,0
DA:316,0
DA:317,0
DA:318,0
DA:319,0
DA:320,0
DA:325,0
DA:326,0
DA:327,0
DA:328,0
DA:329,0
DA:332,0
DA:333,0
DA:334,0
DA:336,0
DA:337,0
DA:341,0
DA:342,0
DA:343,0
DA:344,0
DA:345,0
DA:346,0
DA:347,0
LF:159
LH:35
end_of_record
SF:lib/features/leads/domain/providers/filter_providers.dart
DA:10,18
DA:11,0
DA:15,18
DA:16,0
DA:17,0
DA:21,16
DA:22,12
DA:23,4
DA:26,4
DA:27,3
DA:28,1
DA:31,16
DA:32,12
DA:33,4
DA:36,4
DA:37,3
DA:38,1
DA:41,16
DA:42,12
DA:43,4
DA:46,0
DA:47,0
DA:48,0
DA:52,16
DA:53,4
DA:56,16
DA:57,4
DA:60,16
DA:61,4
DA:65,4
DA:66,3
DA:67,2
DA:68,1
DA:72,8
DA:73,6
DA:74,4
DA:75,2
DA:79,4
DA:80,3
DA:81,2
DA:82,1
DA:86,4
DA:87,3
DA:88,2
DA:89,1
DA:93,4
DA:94,3
DA:95,2
DA:96,1
DA:100,0
DA:101,0
DA:102,0
DA:103,0
DA:107,0
DA:108,0
DA:109,0
DA:110,0
DA:114,0
DA:115,0
DA:116,0
DA:117,0
DA:121,0
DA:122,0
DA:123,0
DA:124,0
DA:128,0
DA:129,0
DA:130,0
DA:131,0
DA:135,0
DA:136,0
DA:137,0
DA:138,0
DA:142,0
DA:143,0
DA:144,0
DA:145,0
DA:149,0
DA:150,0
DA:151,0
DA:152,0
DA:156,0
DA:157,0
DA:158,0
DA:159,0
DA:163,4
DA:164,3
DA:165,1
DA:166,1
DA:170,0
DA:171,0
DA:172,0
DA:173,0
DA:177,0
DA:178,0
DA:179,0
DA:180,0
DA:184,0
DA:185,0
DA:186,0
DA:187,0
DA:191,0
DA:192,0
DA:193,0
DA:194,0
DA:198,4
DA:199,3
DA:200,2
DA:201,1
DA:209,8
DA:210,4
DA:213,4
DA:215,16
DA:216,8
DA:217,4
DA:218,0
DA:219,12
DA:222,2
DA:226,1
DA:228,4
DA:229,2
DA:230,1
DA:231,0
DA:232,3
DA:235,0
DA:239,0
DA:240,0
DA:241,0
DA:242,0
DA:246,0
DA:247,0
DA:248,0
DA:249,0
DA:253,0
DA:254,0
DA:255,0
DA:256,0
DA:260,0
DA:261,0
DA:262,0
DA:263,0
DA:267,0
DA:268,0
DA:269,0
DA:270,0
DA:271,0
DA:273,0
DA:275,0
DA:276,0
DA:280,0
DA:281,0
DA:282,0
DA:283,0
DA:287,0
DA:288,0
DA:289,0
DA:290,0
DA:294,0
DA:295,0
DA:296,0
DA:297,0
DA:301,0
DA:302,0
DA:303,0
DA:304,0
DA:308,0
DA:309,0
DA:310,0
DA:311,0
DA:315,0
DA:316,0
DA:317,0
DA:318,0
DA:322,0
DA:323,0
DA:324,0
DA:325,0
DA:329,0
DA:330,0
DA:331,0
DA:332,0
DA:336,0
DA:337,0
DA:338,0
DA:339,0
DA:348,8
DA:349,4
DA:352,4
DA:354,16
DA:355,8
DA:356,4
DA:357,0
DA:358,12
DA:361,2
DA:365,1
DA:367,4
DA:368,2
DA:369,1
DA:370,0
DA:371,3
DA:374,0
DA:378,0
DA:379,0
DA:380,0
DA:387,8
DA:388,4
DA:391,4
DA:393,16
DA:394,8
DA:395,4
DA:396,0
DA:397,12
DA:400,2
DA:404,0
DA:406,0
DA:407,0
DA:408,0
DA:409,0
DA:410,0
DA:413,0
DA:417,0
DA:418,0
DA:419,0
DA:420,0
DA:421,0
DA:423,0
DA:425,0
DA:426,0
DA:430,0
DA:431,0
DA:432,0
DA:433,0
DA:437,0
DA:438,0
DA:439,0
DA:440,0
DA:444,0
DA:445,0
DA:446,0
DA:447,0
DA:451,0
DA:452,0
DA:453,0
DA:454,0
DA:458,0
DA:459,0
DA:460,0
DA:461,0
DA:462,0
DA:464,0
DA:466,0
DA:467,0
LF:252
LH:85
end_of_record
SF:lib/core/error/failures.dart
DA:5,18
DA:7,2
DA:8,4
DA:12,3
DA:16,3
DA:20,1
DA:24,14
DA:28,1
DA:32,1
DA:36,1
DA:40,1
DA:44,1
DA:48,1
LF:13
LH:13
end_of_record
SF:lib/features/leads/domain/usecases/browser_automation_usecase.dart
DA:28,0
DA:50,0
DA:51,0
DA:52,0
DA:53,0
DA:54,0
DA:55,0
DA:56,0
DA:57,0
DA:58,0
DA:59,0
DA:60,0
DA:61,0
DA:62,0
DA:63,0
DA:64,0
DA:65,0
DA:66,0
DA:67,0
DA:68,0
DA:69,0
DA:70,0
DA:77,0
DA:79,0
DA:80,0
LF:25
LH:0
end_of_record
SF:lib/core/usecases/usecase.dart
DA:11,0
DA:12,0
LF:2
LH:0
end_of_record
SF:lib/core/utils/debug_logger.dart
DA:5,7
DA:7,5
DA:8,21
DA:12,2
DA:14,6
DA:16,0
DA:19,0
DA:24,5
DA:25,5
DA:28,0
DA:29,0
DA:32,1
DA:33,1
DA:36,0
DA:37,0
DA:40,4
DA:41,4
LF:17
LH:11
end_of_record
SF:lib/features/leads/domain/entities/lead.dart
DA:72,13
DA:122,3
DA:171,3
DA:172,3
DA:173,3
DA:174,3
DA:175,3
DA:176,3
DA:177,3
DA:178,3
DA:179,3
DA:180,3
DA:181,3
DA:182,3
DA:183,3
DA:184,3
DA:185,3
DA:186,3
DA:187,3
DA:188,0
DA:189,3
DA:190,3
DA:191,3
DA:192,3
DA:193,3
DA:194,3
DA:195,3
DA:196,3
DA:197,3
DA:198,3
DA:199,3
DA:200,3
DA:201,3
DA:202,3
DA:203,3
DA:204,3
DA:205,3
DA:206,3
DA:207,3
DA:208,3
DA:209,3
DA:210,3
DA:211,3
DA:212,3
DA:213,3
DA:214,3
DA:215,3
DA:216,3
DA:217,3
DA:218,3
DA:222,0
DA:223,0
DA:224,0
DA:225,0
DA:226,0
DA:227,0
DA:228,0
DA:229,0
DA:230,0
DA:231,0
DA:232,0
DA:233,0
DA:234,0
DA:235,0
DA:236,0
DA:237,0
DA:238,0
DA:239,0
DA:240,0
DA:241,0
DA:242,0
DA:243,0
DA:244,0
DA:245,0
DA:246,0
DA:247,0
DA:248,0
DA:249,0
DA:250,0
DA:251,0
DA:252,0
DA:253,0
DA:254,0
DA:255,0
DA:256,0
DA:257,0
DA:258,0
DA:259,0
DA:260,0
DA:261,0
DA:262,0
DA:263,0
DA:264,0
DA:265,0
DA:266,0
DA:267,0
DA:268,0
DA:269,0
DA:270,0
DA:274,0
DA:275,0
DA:277,0
DA:278,0
DA:280,0
DA:281,0
DA:282,0
DA:283,0
DA:284,0
DA:285,0
DA:287,0
DA:288,0
DA:289,0
DA:290,0
DA:291,0
DA:292,0
DA:294,0
DA:295,0
DA:296,0
DA:298,0
DA:302,0
DA:303,0
DA:304,0
DA:305,0
DA:306,0
DA:308,0
LF:125
LH:49
end_of_record
SF:lib/features/leads/data/models/lead_timeline_entry_model.dart
DA:30,0
DA:45,0
DA:46,0
DA:48,0
DA:50,0
DA:51,0
DA:52,0
DA:53,0
DA:54,0
DA:55,0
DA:56,0
DA:57,0
DA:58,0
DA:59,0
DA:60,0
DA:61,0
DA:62,0
DA:63,0
DA:67,0
DA:68,0
DA:69,0
DA:70,0
DA:71,0
DA:72,0
DA:73,0
DA:74,0
DA:75,0
DA:76,0
DA:77,0
DA:78,0
DA:79,0
DA:80,0
DA:84,0
DA:86,0
DA:88,0
DA:90,0
DA:92,0
DA:94,0
DA:96,0
DA:98,0
DA:100,0
DA:102,0
DA:104,0
DA:106,0
DA:108,0
DA:110,0
DA:112,0
DA:114,0
DA:116,0
DA:123,0
DA:125,0
DA:127,0
DA:129,0
DA:131,0
DA:133,0
DA:135,0
DA:137,0
DA:139,0
DA:141,0
DA:143,0
DA:145,0
DA:147,0
DA:149,0
DA:151,0
DA:153,0
DA:155,0
DA:160,0
DA:162,0
DA:164,0
DA:166,0
DA:168,0
DA:169,0
DA:171,0
DA:173,0
DA:175,0
DA:176,0
DA:177,0
DA:179,0
DA:180,0
DA:187,0
DA:189,0
DA:191,0
DA:193,0
DA:195,0
DA:197,0
DA:199,0
DA:201,0
DA:203,0
LF:88
LH:0
end_of_record
SF:lib/features/leads/data/models/lead_timeline_entry_model.g.dart
DA:9,0
DA:11,0
DA:12,0
DA:13,0
DA:14,0
DA:15,0
DA:16,0
DA:17,0
DA:18,0
DA:19,0
DA:20,0
DA:22,0
DA:23,0
DA:24,0
DA:25,0
DA:27,0
DA:30,0
DA:32,0
DA:33,0
DA:34,0
DA:35,0
DA:36,0
DA:37,0
DA:38,0
DA:39,0
DA:40,0
DA:41,0
DA:42,0
DA:43,0
DA:44,0
LF:30
LH:0
end_of_record
SF:lib/features/leads/domain/entities/lead_timeline_entry.dart
DA:38,1
DA:54,0
DA:69,0
DA:70,0
DA:71,0
DA:72,0
DA:73,0
DA:74,0
DA:75,0
DA:76,0
DA:77,0
DA:78,0
DA:79,0
DA:80,0
DA:81,0
DA:82,0
DA:86,0
DA:87,0
DA:88,0
DA:89,0
DA:90,0
DA:91,0
DA:92,0
DA:93,0
DA:94,0
DA:95,0
DA:96,0
DA:97,0
DA:98,0
DA:99,0
DA:100,0
LF:31
LH:1
end_of_record
SF:lib/features/leads/data/repositories/filter_repository_impl.dart
DA:18,0
DA:20,0
DA:23,0
DA:28,0
DA:29,0
DA:30,0
DA:32,0
DA:36,0
DA:39,0
DA:40,0
DA:43,0
DA:47,0
DA:50,0
DA:53,0
DA:57,0
DA:60,0
DA:65,0
DA:66,0
DA:67,0
DA:69,0
DA:73,0
DA:76,0
DA:77,0
DA:80,0
DA:84,0
DA:87,0
DA:90,0
DA:94,0
DA:97,0
DA:102,0
DA:103,0
DA:104,0
DA:106,0
DA:110,0
DA:113,0
DA:114,0
DA:117,0
DA:121,0
DA:124,0
DA:127,0
DA:132,0
DA:134,0
DA:135,0
DA:136,0
DA:137,0
DA:138,0
DA:139,0
DA:144,0
DA:146,0
DA:147,0
DA:148,0
DA:149,0
DA:150,0
DA:151,0
DA:156,0
DA:158,0
DA:159,0
DA:160,0
DA:161,0
DA:162,0
DA:163,0
DA:168,0
DA:170,0
DA:171,0
DA:172,0
DA:173,0
DA:174,0
DA:175,0
DA:180,0
DA:182,0
DA:183,0
DA:184,0
DA:185,0
DA:186,0
DA:187,0
DA:188,0
DA:189,0
DA:194,0
DA:196,0
DA:197,0
DA:198,0
DA:199,0
DA:200,0
DA:201,0
DA:202,0
DA:203,0
DA:208,0
DA:210,0
DA:211,0
DA:212,0
DA:213,0
DA:214,0
DA:215,0
DA:220,0
DA:223,0
DA:226,0
DA:230,0
DA:233,0
DA:234,0
DA:236,0
DA:240,0
DA:242,0
DA:243,0
DA:244,0
DA:245,0
DA:246,0
DA:247,0
DA:248,0
DA:249,0
DA:254,0
DA:256,0
DA:257,0
DA:258,0
DA:259,0
DA:260,0
DA:261,0
DA:262,0
DA:263,0
DA:268,0
DA:270,0
DA:271,0
DA:272,0
DA:273,0
DA:274,0
DA:275,0
DA:280,0
DA:282,0
DA:283,0
DA:284,0
DA:285,0
DA:286,0
DA:287,0
DA:292,0
DA:295,0
DA:298,0
DA:302,0
DA:305,0
DA:306,0
DA:308,0
DA:312,0
DA:315,0
DA:318,0
LF:142
LH:0
end_of_record
SF:lib/features/leads/data/repositories/leads_repository_impl.dart
DA:14,3
DA:16,0
DA:23,0
DA:28,0
DA:29,0
DA:31,0
DA:35,0
DA:38,0
DA:39,0
DA:41,0
DA:45,1
DA:48,1
DA:49,2
DA:50,2
DA:52,3
DA:56,0
DA:59,0
DA:60,0
DA:61,0
DA:64,0
DA:66,0
DA:67,0
DA:68,0
DA:70,0
DA:71,0
DA:73,0
DA:77,1
DA:80,2
DA:83,3
DA:87,0
DA:90,0
DA:91,0
DA:93,0
DA:97,0
DA:101,0
DA:102,0
DA:104,0
DA:107,0
DA:108,0
DA:109,0
DA:110,0
DA:111,0
DA:112,0
DA:115,0
DA:119,0
DA:121,0
DA:126,0
DA:136,0
DA:138,0
DA:140,0
DA:142,0
DA:149,0
DA:152,0
DA:153,0
DA:155,0
DA:159,1
DA:162,2
DA:163,0
DA:166,1
DA:167,1
DA:168,1
DA:170,2
DA:174,0
DA:177,0
DA:180,0
DA:184,0
DA:187,0
DA:190,0
LF:68
LH:15
end_of_record
SF:lib/features/leads/domain/entities/job.dart
DA:22,0
DA:40,0
DA:41,0
DA:42,0
DA:43,0
DA:44,0
DA:48,0
DA:49,0
DA:51,0
DA:52,0
DA:53,0
DA:55,0
DA:56,0
DA:61,0
DA:62,0
DA:63,0
DA:65,0
LF:17
LH:0
end_of_record
SF:lib/features/leads/domain/entities/automation_source.dart
DA:19,29
DA:28,0
DA:29,0
LF:3
LH:1
end_of_record
SF:lib/features/leads/domain/usecases/manage_filter_state.dart
DA:12,4
DA:14,4
DA:16,8
DA:24,1
DA:26,1
DA:28,3
DA:35,1
DA:37,0
DA:38,0
DA:45,0
DA:47,0
DA:49,0
DA:57,4
DA:59,4
DA:61,8
DA:69,1
DA:71,1
DA:73,3
DA:80,2
DA:82,0
DA:83,0
DA:90,5
DA:92,5
DA:94,10
DA:102,1
DA:104,1
DA:106,3
DA:113,1
DA:115,0
DA:116,0
DA:123,0
DA:125,0
DA:127,0
DA:134,0
DA:136,0
DA:137,0
DA:144,0
DA:146,0
DA:148,0
DA:155,0
DA:157,0
DA:158,0
DA:165,0
DA:167,0
DA:169,0
DA:176,0
DA:178,0
DA:179,0
DA:186,0
DA:188,0
DA:190,0
DA:197,0
DA:199,0
DA:200,0
DA:207,0
DA:209,0
DA:211,0
DA:212,0
DA:214,0
DA:223,0
DA:228,0
DA:229,0
DA:236,0
DA:238,0
DA:240,0
DA:241,0
DA:243,0
DA:252,0
DA:257,0
DA:258,0
DA:265,0
DA:267,0
DA:269,0
LF:73
LH:21
end_of_record
SF:lib/features/leads/presentation/providers/filter_providers.dart
DA:11,8
DA:14,0
DA:17,8
DA:20,0
DA:23,0
DA:26,0
DA:29,0
DA:32,0
DA:35,0
DA:38,8
DA:41,4
DA:44,16
DA:60,0
LF:13
LH:5
end_of_record
SF:lib/features/leads/presentation/widgets/sort_options_modal.dart
DA:10,16
DA:12,2
DA:13,2
DA:16,2
DA:20,2
DA:22,4
DA:23,2
DA:24,2
DA:26,2
DA:31,2
DA:32,2
DA:33,2
DA:34,8
DA:36,2
DA:38,2
DA:40,2
DA:44,2
DA:45,2
DA:46,2
DA:50,2
DA:51,2
DA:53,2
DA:63,2
DA:64,2
DA:65,4
DA:67,10
DA:68,2
DA:70,2
DA:72,2
DA:73,2
DA:74,2
DA:76,2
DA:77,2
DA:78,2
DA:86,2
DA:103,2
DA:104,2
DA:105,2
DA:106,4
DA:107,4
DA:108,2
DA:120,2
DA:126,2
DA:128,2
DA:129,2
DA:132,2
DA:134,6
DA:137,10
DA:143,4
DA:145,2
DA:147,2
DA:148,2
DA:149,2
DA:150,2
DA:154,2
DA:157,2
DA:158,2
DA:160,2
DA:161,2
DA:162,2
DA:163,2
DA:168,2
DA:171,2
DA:172,2
DA:173,2
DA:175,2
DA:182,2
DA:194,2
DA:196,2
DA:198,2
DA:200,2
DA:202,2
DA:204,2
DA:206,2
DA:211,2
DA:213,2
DA:215,2
DA:217,2
DA:219,2
DA:221,2
DA:223,2
DA:228,2
DA:230,2
DA:232,2
DA:234,2
DA:236,2
DA:238,2
DA:240,2
LF:88
LH:88
end_of_record
SF:lib/core/theme/app_theme.dart
DA:36,1
DA:37,1
DA:63,1
DA:65,1
DA:66,1
DA:71,1
DA:72,1
DA:75,1
DA:76,1
DA:84,1
DA:85,1
DA:86,1
DA:88,1
DA:96,1
DA:100,1
DA:101,1
DA:102,2
DA:104,1
DA:105,1
DA:106,2
DA:108,1
DA:109,1
DA:112,1
DA:113,1
DA:117,2
DA:170,1
DA:171,1
DA:177,0
DA:178,0
DA:183,0
DA:184,0
LF:31
LH:27
end_of_record
SF:lib/core/cache/cache_manager.dart
DA:17,2
DA:24,8
DA:25,8
DA:26,0
DA:28,2
DA:29,1
DA:30,2
DA:31,2
DA:32,1
DA:35,0
DA:36,0
DA:37,0
DA:38,0
DA:39,0
DA:40,0
DA:47,6
DA:48,4
DA:49,2
DA:66,1
DA:67,2
DA:68,1
DA:72,2
DA:77,4
DA:79,2
DA:80,4
DA:82,6
DA:84,2
DA:87,4
DA:88,4
DA:93,2
DA:95,0
DA:96,0
DA:98,0
DA:100,0
DA:102,0
DA:105,0
DA:106,0
DA:110,4
DA:112,6
DA:118,2
DA:125,2
DA:127,2
DA:133,4
DA:134,2
DA:138,2
DA:142,10
DA:147,1
DA:148,2
DA:149,1
DA:152,3
DA:157,2
DA:158,4
DA:159,2
DA:160,2
DA:161,2
DA:162,2
DA:165,4
DA:170,0
DA:172,0
DA:173,0
DA:174,0
DA:175,0
DA:177,0
DA:178,0
DA:179,0
DA:183,0
DA:185,0
DA:186,0
DA:191,1
DA:192,1
DA:195,2
DA:196,3
DA:197,1
DA:199,2
DA:200,2
DA:204,1
DA:206,1
DA:207,4
DA:212,2
DA:213,4
DA:214,8
DA:215,10
DA:218,2
DA:220,2
DA:221,2
DA:222,2
DA:228,0
DA:229,0
DA:230,0
DA:234,0
DA:238,2
DA:239,6
DA:241,3
DA:242,7
DA:244,1
DA:245,3
DA:248,2
DA:249,3
DA:250,2
DA:255,2
DA:256,2
DA:258,3
DA:261,0
DA:262,0
DA:265,0
DA:272,2
DA:273,2
DA:276,2
DA:277,3
DA:280,0
DA:285,1
DA:286,1
DA:289,2
DA:290,2
DA:292,2
DA:293,3
DA:295,2
DA:296,2
DA:300,0
DA:301,0
DA:303,0
DA:304,0
DA:306,0
DA:307,0
DA:310,0
DA:311,0
DA:312,0
DA:313,0
DA:314,0
DA:318,0
DA:324,1
DA:325,1
DA:327,1
DA:328,2
DA:329,1
DA:330,0
DA:332,1
DA:333,0
DA:337,1
DA:351,2
DA:359,0
DA:360,0
DA:361,0
DA:362,0
DA:363,0
DA:364,0
LF:146
LH:93
end_of_record
SF:lib/core/cache/cache_policy.dart
DA:14,2
DA:19,2
DA:20,2
DA:21,2
DA:25,2
DA:27,4
DA:32,6
DA:33,4
DA:38,2
DA:40,6
DA:45,4
DA:47,2
DA:48,1
DA:57,2
DA:59,6
DA:60,6
DA:61,2
DA:66,2
DA:67,1
DA:68,1
DA:70,1
DA:74,1
DA:78,1
DA:79,3
DA:80,2
DA:84,1
DA:85,1
DA:86,1
DA:88,2
DA:93,4
DA:101,2
DA:102,2
DA:103,2
DA:104,2
DA:105,2
DA:106,2
DA:107,2
DA:108,2
DA:111,2
DA:112,2
DA:113,2
DA:114,2
DA:120,0
DA:123,0
DA:124,0
DA:125,0
DA:126,0
DA:130,0
DA:133,0
DA:136,0
DA:145,0
DA:147,0
LF:52
LH:42
end_of_record
SF:lib/features/leads/presentation/pages/leads_list_page.dart
DA:30,1
DA:32,1
DA:33,1
DA:47,1
DA:49,1
DA:52,3
DA:53,0
DA:54,0
DA:55,0
DA:59,1
DA:60,1
DA:63,3
DA:64,3
DA:66,5
DA:68,2
DA:69,1
DA:70,5
DA:76,1
DA:77,2
DA:78,0
DA:79,0
DA:83,0
DA:84,0
DA:85,0
DA:90,0
DA:91,0
DA:92,0
DA:93,0
DA:94,0
DA:95,0
DA:100,1
DA:101,1
DA:102,1
DA:103,2
DA:104,2
DA:105,2
DA:110,0
DA:111,0
DA:113,0
DA:115,0
DA:118,0
DA:119,0
DA:120,0
DA:121,0
DA:125,1
DA:127,1
DA:128,2
DA:129,2
DA:130,1
DA:133,1
DA:136,3
DA:137,0
DA:138,0
DA:140,0
DA:141,0
DA:142,0
DA:144,0
DA:146,0
DA:148,0
DA:149,0
DA:155,3
DA:156,0
DA:157,0
DA:158,0
DA:159,0
DA:161,0
DA:162,0
DA:163,0
DA:165,0
DA:167,0
DA:169,0
DA:170,0
DA:177,3
DA:178,0
DA:179,0
DA:181,0
DA:182,0
DA:183,0
DA:185,0
DA:187,0
DA:189,0
DA:190,0
DA:196,3
DA:197,0
DA:198,0
DA:200,0
DA:201,0
DA:202,0
DA:203,0
DA:205,0
DA:207,0
DA:210,0
DA:211,0
DA:217,3
DA:218,0
DA:219,0
DA:220,0
DA:223,0
DA:224,0
DA:225,0
DA:226,0
DA:228,0
DA:230,0
DA:233,0
DA:234,0
DA:241,3
DA:242,0
DA:243,0
DA:244,0
DA:246,0
DA:247,0
DA:250,0
DA:253,0
DA:254,0
DA:255,0
DA:259,0
DA:260,0
DA:261,0
DA:267,3
DA:268,3
DA:270,1
DA:272,1
DA:274,1
DA:275,1
DA:276,1
DA:286,1
DA:287,1
DA:290,1
DA:293,1
DA:294,1
DA:303,1
DA:305,1
DA:307,1
DA:308,1
DA:309,1
DA:312,1
DA:313,1
DA:318,3
DA:319,1
DA:321,2
DA:323,1
DA:324,0
DA:326,0
DA:328,0
DA:329,0
DA:336,2
DA:337,1
DA:338,2
DA:353,1
DA:354,1
DA:356,1
DA:357,0
DA:358,0
DA:360,0
DA:363,0
DA:365,0
DA:366,0
DA:372,3
DA:382,1
DA:383,1
DA:384,1
DA:385,1
DA:387,1
DA:388,1
DA:391,1
DA:394,1
DA:396,1
DA:399,1
DA:403,1
DA:405,1
DA:407,1
DA:411,1
DA:412,0
DA:413,1
DA:431,1
DA:432,1
DA:434,2
DA:435,1
DA:436,2
DA:444,1
DA:445,1
DA:456,0
DA:458,0
DA:459,0
DA:466,0
DA:468,0
DA:469,0
DA:475,0
DA:478,0
DA:479,0
DA:484,0
DA:486,0
DA:487,0
DA:490,0
DA:492,0
DA:493,0
DA:494,0
DA:495,0
DA:496,0
DA:499,0
DA:500,0
DA:503,0
DA:504,0
DA:505,0
DA:506,0
DA:508,0
DA:510,0
DA:512,0
DA:514,0
DA:515,0
DA:518,0
DA:520,0
DA:521,0
DA:522,0
DA:525,0
DA:527,0
DA:528,0
DA:529,0
DA:530,0
DA:531,0
DA:532,0
DA:535,0
DA:537,0
DA:539,0
DA:540,0
DA:541,0
DA:542,0
DA:543,0
DA:544,0
DA:546,0
DA:549,0
DA:551,0
DA:552,0
DA:558,0
DA:561,0
DA:562,0
DA:563,0
DA:565,0
DA:566,0
DA:567,0
DA:568,0
DA:570,0
DA:571,0
DA:580,0
DA:581,0
DA:583,0
DA:584,0
DA:585,0
DA:593,0
DA:594,0
DA:600,0
DA:601,0
DA:602,0
DA:603,0
DA:604,0
DA:607,0
DA:608,0
DA:612,0
DA:614,0
DA:615,0
DA:626,0
DA:628,0
DA:629,0
DA:630,0
DA:632,0
DA:633,0
DA:634,0
DA:635,0
DA:651,0
DA:653,0
DA:655,0
DA:657,0
DA:659,0
DA:661,0
DA:663,0
DA:665,0
DA:667,0
DA:672,0
DA:674,0
DA:676,0
DA:678,0
DA:680,0
DA:682,0
DA:684,0
DA:686,0
DA:688,0
DA:696,2
DA:698,1
DA:700,2
DA:702,2
DA:706,1
DA:709,1
DA:711,1
DA:712,2
DA:715,1
DA:717,1
DA:719,1
DA:720,2
DA:721,0
DA:730,1
DA:731,1
DA:732,1
DA:733,2
LF:303
LH:102
end_of_record
SF:lib/features/leads/presentation/widgets/sort_bar.dart
DA:15,3
DA:17,2
DA:18,2
DA:25,2
DA:27,2
DA:28,4
DA:34,2
DA:36,4
DA:37,2
DA:40,0
DA:41,0
DA:44,0
DA:46,0
DA:47,0
DA:49,0
DA:52,0
DA:53,0
DA:56,0
DA:61,0
DA:66,0
DA:67,0
DA:68,0
DA:70,0
DA:71,0
DA:74,0
DA:78,2
DA:80,6
DA:81,2
DA:82,2
DA:83,6
DA:84,6
DA:85,6
DA:86,6
DA:89,6
DA:90,6
DA:91,6
DA:93,2
DA:94,2
DA:95,0
DA:102,2
DA:104,2
DA:106,2
DA:107,2
DA:108,2
DA:112,2
DA:113,2
DA:114,2
DA:116,2
DA:117,4
DA:118,2
DA:121,2
DA:126,2
DA:127,4
DA:128,2
DA:130,2
DA:131,2
DA:132,0
DA:133,2
DA:134,2
DA:135,2
DA:136,0
DA:139,2
DA:141,2
DA:142,2
DA:143,2
DA:144,2
DA:147,2
DA:149,2
DA:153,2
DA:154,2
DA:155,2
DA:158,2
DA:160,2
DA:169,2
DA:170,0
DA:171,0
DA:172,0
DA:175,0
DA:176,0
DA:177,0
DA:180,2
DA:182,2
DA:184,0
DA:185,2
DA:186,2
DA:188,0
DA:191,2
DA:193,2
DA:194,2
DA:195,2
DA:196,2
DA:201,2
DA:203,2
DA:204,0
DA:207,0
DA:210,0
DA:213,0
DA:220,2
DA:222,2
DA:227,2
DA:236,2
DA:237,0
DA:238,2
DA:240,2
DA:241,2
DA:242,0
DA:243,2
DA:244,2
DA:245,2
DA:246,0
DA:249,2
DA:251,2
DA:252,2
DA:253,2
DA:254,2
DA:257,2
DA:259,2
DA:261,2
DA:262,0
DA:265,0
DA:271,0
DA:272,0
DA:284,2
DA:286,2
DA:289,2
DA:291,2
DA:300,2
DA:301,0
DA:302,2
DA:304,2
DA:305,2
DA:306,2
DA:308,2
DA:310,2
DA:311,2
DA:314,2
DA:317,2
DA:319,2
DA:322,2
DA:331,2
DA:332,2
DA:333,2
DA:335,2
DA:336,2
DA:337,2
DA:339,2
DA:341,2
DA:342,2
DA:350,2
DA:351,2
DA:352,2
DA:355,2
DA:368,2
DA:370,2
DA:371,1
DA:372,0
DA:373,0
DA:374,0
DA:375,0
LF:159
LH:116
end_of_record
SF:lib/features/leads/presentation/providers/pagespeed_websocket_provider.dart
DA:16,3
DA:17,1
DA:20,1
DA:22,2
DA:24,2
DA:25,1
DA:28,3
DA:29,0
DA:30,0
DA:32,0
DA:33,0
DA:34,0
DA:35,0
DA:37,0
DA:38,0
DA:39,0
DA:40,0
DA:44,2
DA:45,1
DA:48,0
DA:49,0
DA:50,0
DA:54,0
DA:56,0
DA:57,0
DA:60,0
DA:61,0
DA:64,0
DA:68,0
DA:69,0
DA:73,0
DA:76,0
DA:80,0
DA:81,0
DA:82,0
DA:83,0
DA:85,0
DA:88,0
DA:90,0
DA:92,0
DA:93,0
DA:95,0
DA:98,0
DA:99,0
DA:100,0
DA:105,0
DA:107,0
DA:108,0
DA:111,0
DA:112,0
DA:113,0
DA:115,0
DA:121,0
DA:124,0
DA:125,0
DA:126,0
DA:128,0
DA:134,0
DA:136,0
DA:139,0
DA:140,0
DA:141,0
DA:143,0
DA:147,0
DA:149,0
DA:152,0
DA:154,0
DA:155,0
DA:158,0
DA:159,0
DA:162,0
DA:163,0
DA:165,0
DA:166,0
DA:169,0
DA:174,0
DA:177,0
DA:178,0
DA:179,0
DA:180,0
DA:186,0
DA:187,0
DA:188,0
DA:189,0
DA:190,0
DA:194,1
DA:195,3
DA:198,1
DA:199,3
DA:202,0
DA:203,0
DA:206,1
DA:208,1
DA:209,2
DA:210,2
DA:211,3
DA:212,1
DA:224,1
DA:233,1
DA:235,1
DA:236,1
DA:243,1
DA:244,1
DA:250,1
DA:255,1
DA:264,0
DA:272,0
DA:273,0
DA:274,0
DA:275,0
DA:276,0
DA:277,0
DA:278,0
DA:283,4
DA:284,1
LF:115
LH:29
end_of_record
SF:lib/features/leads/presentation/providers/server_status_provider.dart
DA:20,1
DA:25,1
DA:27,1
DA:33,1
DA:34,0
DA:35,1
DA:36,1
DA:37,1
DA:47,3
DA:48,1
DA:49,1
DA:52,1
DA:53,1
DA:54,2
DA:55,0
DA:59,1
DA:61,3
DA:63,2
DA:65,1
DA:71,0
DA:72,0
DA:75,0
DA:76,0
DA:79,0
DA:82,0
DA:83,0
DA:85,0
DA:87,1
DA:88,2
DA:89,2
DA:90,2
DA:91,0
DA:94,0
DA:95,0
DA:97,0
DA:99,2
DA:101,2
DA:102,1
DA:103,2
DA:107,0
DA:109,0
DA:110,0
DA:111,0
DA:116,0
DA:117,0
DA:121,0
DA:127,0
DA:128,0
DA:129,0
DA:131,0
DA:132,0
DA:135,0
DA:136,0
DA:141,0
DA:142,0
DA:143,0
DA:145,0
DA:146,0
DA:150,0
DA:151,0
DA:153,0
DA:154,0
DA:157,0
DA:158,0
DA:159,0
DA:160,0
DA:161,0
DA:163,0
DA:164,0
DA:165,0
DA:170,0
DA:171,0
DA:172,0
DA:173,0
DA:174,0
DA:178,0
DA:179,0
DA:182,0
DA:184,0
DA:185,0
DA:186,0
DA:191,0
DA:192,0
DA:193,0
DA:194,0
DA:200,1
DA:202,2
DA:203,1
DA:204,1
DA:208,4
DA:209,2
DA:210,1
DA:213,4
DA:214,1
DA:218,0
DA:219,0
DA:221,0
DA:223,0
DA:224,0
DA:229,0
DA:230,0
DA:231,0
DA:236,0
DA:240,0
DA:241,0
DA:243,0
DA:245,0
DA:250,0
DA:251,0
DA:252,0
DA:255,0
DA:263,0
DA:264,0
DA:267,0
DA:269,0
DA:272,0
DA:273,0
DA:277,0
DA:279,0
DA:282,0
DA:283,0
DA:285,0
DA:292,0
DA:294,0
DA:295,0
DA:296,0
DA:297,0
DA:299,0
DA:303,0
DA:306,0
DA:307,0
DA:312,0
DA:314,0
DA:315,0
DA:319,0
DA:320,0
LF:136
LH:34
end_of_record
SF:lib/features/leads/presentation/providers/lead_statistics_provider.dart
DA:12,2
DA:18,0
DA:19,0
DA:21,0
DA:23,0
DA:24,0
DA:28,0
DA:31,0
DA:34,0
DA:37,0
DA:38,0
DA:41,0
DA:44,0
DA:47,0
DA:48,0
DA:51,0
DA:52,0
DA:56,0
DA:59,0
DA:60,0
DA:64,0
DA:65,0
DA:67,0
DA:72,0
DA:73,0
DA:74,0
DA:76,0
DA:82,7
DA:83,1
DA:87,2
DA:93,2
DA:94,2
DA:97,2
DA:100,1
DA:101,1
DA:102,1
DA:104,0
DA:105,0
DA:107,0
DA:108,0
DA:109,0
DA:111,0
DA:119,0
DA:121,0
DA:122,0
DA:123,0
DA:126,0
DA:128,1
DA:129,3
DA:131,1
DA:133,1
DA:137,0
DA:139,0
DA:141,0
LF:54
LH:14
end_of_record
SF:lib/features/leads/presentation/widgets/filter_bar.dart
DA:12,2
DA:14,1
DA:15,1
DA:23,1
DA:25,1
DA:26,2
DA:27,0
DA:31,3
DA:32,3
DA:33,1
DA:34,0
DA:39,1
DA:41,1
DA:42,2
DA:43,1
DA:46,1
DA:49,3
DA:50,0
DA:51,0
DA:55,1
DA:56,1
DA:58,1
DA:59,1
DA:60,1
DA:64,1
DA:66,1
DA:68,1
DA:70,1
DA:72,1
DA:75,1
DA:77,1
DA:79,1
DA:86,1
DA:87,1
DA:88,1
DA:94,1
DA:96,1
DA:98,1
DA:106,3
DA:107,0
DA:108,0
DA:110,0
DA:113,0
DA:114,0
DA:115,0
DA:119,1
DA:120,1
DA:122,1
DA:123,1
DA:124,2
DA:126,1
DA:127,1
DA:131,1
DA:134,0
DA:135,0
DA:136,0
DA:137,0
DA:138,0
DA:145,1
DA:146,1
DA:147,0
DA:148,1
DA:150,1
DA:152,1
DA:153,1
DA:154,1
DA:156,1
DA:159,1
DA:160,1
DA:161,1
DA:164,1
DA:173,1
DA:174,0
LF:73
LH:56
end_of_record
SF:lib/features/leads/presentation/widgets/conversion_pipeline.dart
DA:9,3
DA:11,2
DA:13,4
DA:14,2
DA:18,2
DA:19,2
DA:21,4
DA:22,4
DA:24,2
DA:26,2
DA:27,2
DA:30,2
DA:32,2
DA:36,2
DA:37,2
DA:39,2
DA:41,2
DA:43,2
DA:60,2
DA:62,2
DA:63,2
DA:64,2
DA:66,2
DA:67,4
DA:77,2
DA:79,2
DA:82,2
DA:84,2
DA:85,2
DA:93,2
DA:94,2
DA:95,2
DA:96,2
DA:97,6
DA:98,2
DA:99,4
DA:100,6
DA:102,2
DA:103,2
DA:104,8
DA:106,2
DA:107,6
DA:122,2
DA:130,4
DA:132,2
DA:134,2
DA:136,2
DA:138,2
DA:139,4
DA:140,2
DA:142,2
DA:143,4
DA:144,2
DA:147,2
DA:153,2
DA:154,2
DA:155,2
DA:156,2
DA:157,2
DA:159,2
DA:161,2
DA:162,2
DA:165,2
DA:166,2
DA:167,2
DA:170,2
DA:171,4
DA:172,4
DA:175,2
DA:185,2
DA:186,2
DA:187,2
DA:190,2
DA:198,2
DA:199,2
DA:201,2
DA:202,2
DA:203,2
DA:205,2
DA:206,2
DA:207,1
DA:208,2
DA:209,2
DA:210,2
DA:211,2
DA:212,1
DA:213,2
DA:217,2
DA:219,2
DA:220,2
DA:221,2
DA:222,2
DA:224,2
DA:228,2
DA:229,4
DA:230,2
DA:233,2
DA:235,2
DA:245,2
DA:246,2
DA:247,2
DA:253,2
DA:259,2
DA:265,2
DA:271,2
DA:287,2
LF:106
LH:106
end_of_record
SF:lib/features/leads/presentation/widgets/active_jobs_monitor.dart
DA:10,2
DA:12,1
DA:13,1
DA:22,1
DA:24,1
DA:25,1
DA:26,2
DA:30,2
DA:31,1
DA:35,1
DA:36,2
DA:40,1
DA:42,2
DA:43,1
DA:46,0
DA:47,0
DA:48,0
DA:49,0
DA:50,0
DA:52,0
DA:57,1
DA:59,3
DA:61,2
DA:67,0
DA:68,0
DA:71,0
DA:72,0
DA:73,0
DA:75,0
DA:76,0
DA:77,0
DA:78,0
DA:80,0
DA:83,0
DA:84,0
DA:85,0
DA:89,0
DA:91,0
DA:94,0
DA:96,0
DA:97,0
DA:98,0
DA:99,0
DA:100,0
DA:101,0
DA:104,0
DA:107,0
DA:108,0
DA:109,0
DA:117,0
DA:118,0
DA:120,0
DA:121,0
DA:122,0
DA:123,0
DA:124,0
DA:125,0
DA:126,0
DA:129,0
DA:133,0
DA:134,0
DA:136,0
DA:138,0
DA:146,0
DA:147,0
DA:148,0
DA:149,0
DA:150,0
DA:152,0
DA:154,0
DA:156,0
DA:158,0
DA:159,0
DA:162,0
DA:163,0
DA:168,0
DA:169,0
DA:170,0
DA:175,0
DA:176,0
DA:177,0
DA:179,0
DA:182,0
DA:184,0
DA:187,0
DA:188,0
DA:189,0
DA:192,0
DA:196,0
DA:197,0
DA:198,0
DA:199,0
DA:200,0
DA:201,0
DA:202,0
DA:203,0
DA:205,0
DA:209,0
DA:228,0
DA:235,0
DA:236,0
DA:245,0
DA:247,0
DA:248,0
DA:252,0
DA:253,0
DA:255,0
DA:256,0
DA:260,0
DA:262,0
DA:264,0
DA:265,0
DA:267,0
DA:268,0
DA:269,0
DA:270,0
DA:277,0
DA:279,0
DA:280,0
DA:283,0
DA:284,0
DA:286,0
DA:289,0
DA:292,0
DA:294,0
DA:296,0
DA:297,0
DA:298,0
DA:299,0
DA:304,0
DA:305,0
DA:308,0
DA:310,0
DA:311,0
DA:312,0
DA:313,0
DA:314,0
DA:315,0
DA:316,0
DA:318,0
DA:319,0
DA:320,0
DA:321,0
DA:322,0
DA:323,0
DA:325,0
DA:327,0
DA:328,0
DA:329,0
DA:330,0
DA:331,0
DA:332,0
DA:333,0
DA:335,0
DA:339,0
DA:341,0
DA:344,0
DA:345,0
DA:346,0
DA:347,0
DA:349,0
DA:350,0
DA:351,0
DA:352,0
DA:353,0
DA:354,0
DA:355,0
DA:356,0
DA:359,0
DA:360,0
DA:361,0
DA:362,0
DA:363,0
DA:366,0
DA:367,0
DA:368,0
DA:371,0
DA:373,0
DA:374,0
DA:375,0
DA:382,0
DA:383,0
DA:385,0
DA:386,0
DA:388,0
DA:391,0
DA:394,0
DA:395,0
DA:396,0
DA:398,0
DA:404,0
DA:406,0
DA:407,0
DA:408,0
DA:410,0
DA:411,0
DA:423,0
DA:425,0
DA:426,0
DA:427,0
DA:429,0
DA:430,0
DA:431,0
DA:433,0
DA:434,0
DA:435,0
DA:436,0
DA:438,0
DA:441,0
DA:448,0
DA:450,0
DA:451,0
DA:452,0
DA:453,0
DA:455,0
DA:458,0
DA:459,0
DA:460,0
DA:461,0
DA:464,0
DA:466,0
DA:471,0
DA:472,0
DA:473,0
DA:474,0
DA:475,0
DA:477,0
DA:494,0
DA:495,0
DA:496,0
DA:500,0
DA:501,0
DA:502,0
DA:503,0
DA:504,0
DA:505,0
DA:507,0
DA:509,0
DA:511,0
DA:518,0
DA:519,0
DA:520,0
DA:521,0
DA:522,0
DA:523,0
DA:524,0
DA:525,0
DA:526,0
DA:527,0
DA:528,0
DA:529,0
DA:530,0
DA:531,0
DA:532,0
DA:533,0
DA:536,0
DA:539,0
DA:540,0
DA:541,0
DA:542,0
DA:543,0
DA:545,0
DA:549,0
DA:551,0
DA:553,0
DA:556,0
DA:557,0
DA:558,0
DA:560,0
DA:562,0
DA:563,0
DA:564,0
DA:566,0
DA:568,0
DA:578,0
DA:580,0
DA:581,0
DA:583,0
DA:584,0
DA:585,0
DA:586,0
DA:587,0
DA:588,0
DA:591,0
DA:592,0
DA:594,0
DA:595,0
DA:596,0
DA:598,0
DA:606,0
DA:607,0
DA:608,0
DA:609,0
DA:613,0
DA:614,0
DA:615,0
DA:617,0
DA:618,0
LF:298
LH:17
end_of_record
SF:lib/features/leads/presentation/widgets/lead_tile.dart
DA:14,1
DA:16,1
DA:17,1
DA:25,1
DA:27,1
DA:28,2
DA:33,2
DA:36,2
DA:37,1
DA:42,1
DA:44,2
DA:45,1
DA:48,1
DA:49,1
DA:50,1
DA:53,1
DA:55,2
DA:56,2
DA:57,2
DA:60,0
DA:62,0
DA:63,0
DA:65,0
DA:66,0
DA:67,0
DA:68,0
DA:69,0
DA:71,0
DA:75,1
DA:77,4
DA:78,4
DA:79,4
DA:80,3
DA:81,4
DA:82,3
DA:84,0
DA:85,0
DA:88,1
DA:89,1
DA:90,1
DA:91,0
DA:93,1
DA:95,1
DA:97,0
DA:99,1
DA:100,1
DA:102,0
DA:103,1
DA:105,0
DA:106,1
DA:107,1
DA:112,1
DA:113,0
DA:114,0
DA:115,0
DA:116,0
DA:117,0
DA:120,1
DA:122,1
DA:124,1
DA:125,1
DA:126,0
DA:129,0
DA:130,0
DA:132,0
DA:134,0
DA:136,0
DA:140,0
DA:144,0
DA:147,0
DA:150,0
DA:151,0
DA:154,1
DA:155,1
DA:156,1
DA:158,0
DA:159,0
DA:162,0
DA:164,0
DA:165,0
DA:166,0
DA:167,0
DA:168,0
DA:170,0
DA:172,0
DA:181,1
DA:182,1
DA:184,1
DA:185,1
DA:186,3
DA:195,1
DA:196,1
DA:197,1
DA:198,1
DA:199,4
DA:200,7
DA:201,1
DA:202,1
DA:204,1
DA:212,1
DA:217,1
DA:228,1
DA:229,1
DA:230,1
DA:232,1
DA:233,3
DA:236,3
DA:237,3
DA:238,0
DA:239,1
DA:242,3
DA:244,0
DA:245,0
DA:246,0
DA:247,0
DA:249,0
DA:252,4
DA:254,1
DA:256,4
DA:261,3
DA:263,0
DA:265,0
DA:266,0
DA:273,1
DA:274,1
DA:276,1
DA:277,1
DA:279,1
DA:281,1
DA:291,0
DA:292,0
DA:294,0
DA:298,0
DA:300,0
DA:302,0
DA:305,0
DA:307,0
DA:308,0
DA:310,0
DA:321,0
DA:322,0
DA:323,0
DA:333,0
DA:334,0
DA:335,0
DA:336,0
DA:338,0
DA:339,0
DA:342,0
DA:344,0
DA:345,0
DA:370,0
DA:371,0
DA:373,0
DA:375,0
DA:376,0
DA:379,0
DA:381,0
DA:382,0
DA:383,0
DA:407,1
DA:408,1
DA:410,1
DA:411,2
DA:412,1
DA:414,1
DA:415,1
DA:416,1
DA:417,1
DA:426,1
DA:427,3
DA:428,1
DA:429,0
DA:430,0
DA:431,0
DA:432,0
DA:433,0
DA:434,0
DA:435,0
DA:439,1
DA:440,3
DA:441,1
DA:442,0
DA:443,0
DA:444,0
DA:445,0
DA:446,0
DA:447,0
DA:448,0
LF:189
LH:94
end_of_record
SF:lib/features/leads/presentation/widgets/selection_action_bar.dart
DA:12,2
DA:14,1
DA:15,1
DA:21,1
DA:23,3
DA:24,3
DA:25,3
DA:26,1
DA:35,0
DA:37,0
DA:39,0
DA:40,0
DA:41,0
DA:45,0
DA:46,0
DA:48,0
DA:49,0
DA:50,0
DA:51,0
DA:54,0
DA:63,0
DA:65,0
DA:67,0
DA:68,0
DA:69,0
DA:71,0
DA:73,0
DA:74,0
DA:75,0
DA:78,0
DA:87,0
DA:88,0
DA:89,0
DA:90,0
DA:92,0
DA:93,0
DA:98,0
DA:99,0
DA:103,0
DA:104,0
DA:113,0
DA:114,0
DA:115,0
DA:119,0
DA:125,0
DA:128,0
DA:130,0
DA:131,0
DA:133,0
DA:134,0
DA:135,0
DA:152,0
DA:162,0
DA:168,0
DA:169,0
DA:170,0
DA:172,0
DA:173,0
DA:174,0
DA:192,0
DA:216,0
DA:217,0
DA:219,0
DA:220,0
DA:221,0
DA:223,0
DA:224,0
DA:225,0
DA:227,0
DA:229,0
DA:231,0
DA:232,0
DA:233,0
DA:242,0
DA:243,0
DA:244,0
DA:247,0
DA:248,0
DA:249,0
DA:253,0
DA:255,0
DA:257,0
DA:260,0
DA:261,0
DA:264,0
DA:265,0
DA:267,0
DA:268,0
DA:269,0
DA:273,0
DA:274,0
DA:275,0
DA:278,0
DA:279,0
DA:286,0
DA:287,0
DA:288,0
DA:289,0
DA:293,0
DA:294,0
DA:298,0
DA:299,0
DA:307,0
DA:309,0
LF:104
LH:8
end_of_record
SF:lib/features/leads/presentation/widgets/goals_tracking_card.dart
DA:8,2
DA:10,1
DA:12,2
DA:14,2
DA:15,4
DA:18,2
DA:19,4
DA:22,1
DA:24,1
DA:26,1
DA:27,1
DA:28,1
DA:31,1
DA:32,1
DA:33,1
DA:34,1
DA:36,1
DA:37,1
DA:44,1
DA:45,1
DA:47,1
DA:48,1
DA:55,1
DA:61,0
DA:62,0
DA:72,1
DA:80,1
DA:83,1
DA:84,1
DA:85,1
DA:86,1
DA:88,1
DA:89,1
DA:91,1
DA:92,1
DA:101,1
DA:102,1
DA:103,1
DA:104,1
DA:105,1
DA:106,1
DA:108,1
DA:109,1
DA:110,1
DA:117,1
DA:118,1
DA:119,1
DA:120,1
LF:48
LH:46
end_of_record
SF:lib/features/leads/presentation/providers/goals_provider.dart
DA:16,1
DA:24,1
DA:31,1
DA:32,1
DA:33,1
DA:34,1
DA:35,1
DA:36,1
DA:41,4
DA:42,1
DA:50,3
DA:55,1
DA:57,1
DA:59,2
DA:60,1
DA:61,1
DA:66,1
DA:67,1
DA:68,1
DA:69,1
DA:71,3
DA:77,0
DA:78,0
DA:79,0
DA:80,0
DA:83,0
DA:84,0
DA:85,0
DA:86,0
DA:89,1
DA:91,1
DA:94,2
DA:100,2
DA:102,0
DA:103,0
DA:104,0
DA:106,0
DA:107,0
DA:110,0
DA:111,0
DA:112,0
DA:114,0
DA:121,2
DA:123,1
DA:127,1
DA:129,3
DA:130,2
DA:132,2
DA:133,2
DA:134,2
DA:135,2
DA:138,3
DA:144,0
DA:148,1
DA:150,3
LF:55
LH:37
end_of_record
SF:lib/features/leads/presentation/providers/auto_refresh_provider.dart
DA:6,8
DA:13,8
DA:18,0
LF:3
LH:2
end_of_record
SF:lib/features/leads/presentation/providers/active_jobs_provider.dart
DA:16,1
DA:22,0
DA:27,0
DA:28,0
DA:29,0
DA:41,3
DA:42,1
DA:45,1
DA:47,1
DA:50,2
DA:51,0
DA:55,1
DA:60,1
DA:64,2
DA:65,1
DA:66,1
DA:67,1
DA:73,0
DA:74,0
DA:78,0
DA:79,0
DA:80,0
DA:81,0
DA:82,0
DA:83,0
DA:84,0
DA:85,0
DA:86,0
DA:87,0
DA:88,0
DA:89,0
DA:90,0
DA:91,0
DA:92,0
DA:93,0
DA:94,0
DA:95,0
DA:96,0
DA:97,0
DA:98,0
DA:99,0
DA:101,0
DA:102,0
DA:104,0
DA:106,0
DA:124,0
DA:125,0
DA:126,0
DA:127,0
DA:133,2
DA:134,2
DA:135,2
DA:142,0
DA:144,0
DA:152,0
DA:156,0
DA:158,0
DA:159,0
DA:161,0
DA:162,0
DA:164,0
DA:165,0
DA:167,0
DA:170,0
DA:171,0
DA:173,0
DA:174,0
DA:175,0
DA:178,0
DA:179,0
DA:180,0
DA:181,0
DA:182,0
DA:183,0
DA:188,0
DA:189,0
DA:190,0
DA:191,0
DA:196,0
DA:198,0
DA:199,0
DA:200,0
DA:204,0
DA:205,0
DA:206,0
DA:207,0
DA:208,0
DA:211,0
DA:212,0
DA:213,0
DA:215,0
DA:216,0
DA:218,0
DA:219,0
DA:220,0
DA:221,0
DA:222,0
DA:223,0
DA:224,0
DA:225,0
DA:226,0
DA:227,0
DA:228,0
DA:232,0
DA:233,0
DA:234,0
DA:238,0
DA:242,0
DA:243,0
DA:244,0
DA:247,0
DA:249,0
DA:250,0
DA:252,0
DA:253,0
DA:255,0
DA:256,0
DA:258,0
DA:259,0
DA:261,0
DA:268,1
DA:270,2
DA:272,2
DA:273,0
DA:275,1
DA:279,4
DA:280,2
DA:281,1
DA:285,4
DA:286,1
LF:130
LH:24
end_of_record
SF:lib/features/leads/presentation/widgets/advanced_filter_section.dart
DA:8,2
DA:10,0
DA:12,0
DA:14,0
DA:16,0
DA:19,0
DA:21,0
DA:24,0
DA:30,0
DA:33,0
DA:34,0
DA:35,0
DA:37,0
DA:38,0
DA:39,0
DA:40,0
DA:41,0
DA:42,0
DA:43,0
DA:44,0
DA:49,0
DA:50,0
DA:51,0
DA:52,0
DA:54,0
DA:55,0
DA:59,0
DA:60,0
DA:61,0
DA:62,0
DA:64,0
DA:65,0
DA:73,0
DA:74,0
DA:75,0
DA:76,0
DA:78,0
DA:80,0
DA:81,0
DA:82,0
DA:83,0
DA:85,0
DA:89,0
DA:91,0
DA:92,0
DA:93,0
DA:98,0
DA:102,0
DA:104,0
DA:109,0
DA:118,0
DA:119,0
DA:122,0
DA:123,0
DA:124,0
DA:126,0
DA:127,0
DA:130,0
DA:132,0
DA:134,0
DA:137,0
DA:140,0
DA:147,0
DA:148,0
DA:149,0
DA:150,0
DA:157,0
DA:158,0
DA:159,0
DA:160,0
DA:161,0
DA:164,0
DA:165,0
DA:166,0
DA:167,0
DA:168,0
DA:171,0
DA:172,0
DA:173,0
DA:174,0
DA:175,0
DA:178,0
DA:179,0
DA:180,0
DA:181,0
DA:188,0
LF:86
LH:1
end_of_record
SF:lib/features/leads/presentation/widgets/primary_filter_row.dart
DA:8,2
DA:10,1
DA:12,2
DA:13,2
DA:15,1
DA:18,1
DA:20,1
DA:21,1
DA:23,1
DA:24,0
DA:27,1
DA:28,2
DA:29,1
DA:30,1
DA:32,1
DA:35,1
DA:44,0
DA:45,0
DA:47,0
DA:48,0
DA:49,0
DA:50,0
DA:51,0
DA:55,0
DA:57,0
DA:64,0
DA:65,0
DA:73,0
DA:74,0
DA:75,0
DA:88,1
DA:95,1
DA:97,1
DA:98,1
DA:99,0
DA:100,0
DA:102,1
DA:104,1
DA:106,1
DA:107,1
DA:108,1
DA:109,1
DA:111,1
DA:116,1
DA:118,1
DA:123,1
DA:131,1
DA:133,1
DA:134,1
DA:135,1
DA:136,1
DA:137,1
DA:138,1
DA:139,1
DA:140,1
DA:144,1
DA:146,1
DA:147,1
DA:148,1
DA:149,1
DA:150,1
DA:151,1
DA:152,1
DA:153,1
LF:64
LH:47
end_of_record
SF:lib/features/leads/presentation/widgets/goals_setting_dialog.dart
DA:8,2
DA:10,0
DA:11,0
DA:15,0
DA:19,0
DA:20,0
DA:27,0
DA:29,0
DA:30,0
DA:31,0
DA:32,0
DA:34,0
DA:35,0
DA:39,0
DA:41,0
DA:42,0
DA:43,0
DA:46,0
DA:47,0
DA:48,0
DA:50,0
DA:51,0
DA:53,0
DA:54,0
DA:55,0
DA:61,0
DA:63,0
DA:68,0
DA:69,0
DA:71,0
DA:72,0
DA:73,0
DA:76,0
DA:77,0
DA:78,0
DA:82,0
DA:83,0
DA:84,0
DA:88,0
DA:90,0
DA:99,0
DA:101,0
DA:106,0
DA:110,0
DA:113,0
DA:117,0
DA:120,0
DA:122,0
DA:123,0
DA:124,0
DA:128,0
DA:129,0
DA:149,0
DA:155,0
DA:157,0
DA:158,0
DA:159,0
DA:160,0
DA:162,0
DA:173,0
DA:176,0
DA:177,0
DA:180,0
DA:182,0
DA:184,0
DA:185,0
DA:186,0
DA:187,0
DA:189,0
DA:190,0
DA:191,0
DA:193,0
DA:194,0
LF:73
LH:1
end_of_record
SF:lib/features/leads/presentation/widgets/unified_filter_modal.dart
DA:11,2
DA:13,0
DA:14,0
DA:21,0
DA:25,0
DA:26,0
DA:36,0
DA:38,0
DA:41,0
DA:44,0
DA:45,0
DA:46,0
DA:47,0
DA:49,0
DA:50,0
DA:51,0
DA:52,0
DA:55,0
DA:57,0
DA:58,0
DA:61,0
DA:63,0
DA:65,0
DA:66,0
DA:67,0
DA:69,0
DA:71,0
DA:73,0
DA:75,0
DA:77,0
DA:78,0
DA:79,0
DA:83,0
DA:84,0
DA:91,0
DA:93,0
DA:102,0
DA:103,0
DA:104,0
DA:113,0
DA:114,0
DA:115,0
DA:117,0
DA:118,0
DA:123,0
DA:125,0
DA:132,0
DA:133,0
DA:135,0
DA:137,0
DA:139,0
DA:141,0
DA:142,0
DA:144,0
DA:146,0
DA:152,0
DA:153,0
DA:154,0
DA:156,0
DA:158,0
DA:159,0
DA:160,0
DA:167,0
DA:168,0
DA:171,0
DA:172,0
DA:176,0
DA:182,0
DA:184,0
DA:185,0
DA:186,0
DA:188,0
DA:189,0
DA:192,0
DA:194,0
DA:197,0
DA:199,0
DA:200,0
DA:201,0
DA:202,0
DA:203,0
DA:204,0
DA:211,0
DA:216,0
DA:218,0
DA:223,0
DA:225,0
DA:232,0
DA:234,0
DA:236,0
DA:237,0
DA:238,0
DA:242,0
DA:244,0
DA:246,0
DA:247,0
DA:248,0
DA:252,0
DA:253,0
DA:256,0
DA:257,0
DA:259,0
DA:274,0
DA:275,0
DA:276,0
DA:277,0
DA:279,0
DA:291,0
DA:292,0
DA:294,0
DA:296,0
DA:297,0
DA:298,0
DA:299,0
DA:300,0
DA:303,0
DA:315,0
DA:316,0
DA:319,0
DA:320,0
DA:321,0
DA:322,0
DA:323,0
DA:325,0
DA:327,0
DA:331,0
DA:333,0
DA:335,0
DA:336,0
DA:337,0
DA:338,0
DA:340,0
DA:341,0
DA:344,0
DA:346,0
DA:347,0
DA:351,0
DA:352,0
DA:355,0
DA:356,0
DA:357,0
DA:361,0
DA:362,0
DA:370,0
DA:374,0
DA:375,0
DA:376,0
DA:378,0
DA:380,0
DA:382,0
DA:384,0
DA:385,0
DA:386,0
DA:387,0
DA:388,0
DA:389,0
DA:390,0
DA:391,0
DA:397,0
DA:399,0
DA:401,0
DA:403,0
DA:404,0
DA:405,0
DA:406,0
DA:407,0
DA:408,0
DA:410,0
DA:411,0
DA:412,0
DA:414,0
DA:416,0
DA:418,0
DA:419,0
DA:422,0
DA:424,0
DA:427,0
DA:429,0
DA:432,0
DA:434,0
DA:443,0
DA:444,0
DA:445,0
DA:446,0
DA:448,0
DA:449,0
DA:450,0
DA:452,0
DA:454,0
DA:456,0
DA:457,0
DA:460,0
DA:462,0
DA:465,0
DA:467,0
DA:470,0
DA:472,0
DA:487,0
DA:488,0
DA:489,0
DA:490,0
DA:491,0
DA:493,0
DA:495,0
DA:497,0
DA:499,0
DA:500,0
DA:501,0
DA:508,0
DA:511,0
DA:513,0
DA:527,0
DA:528,0
DA:530,0
DA:532,0
DA:534,0
DA:543,0
DA:545,0
DA:546,0
DA:550,0
DA:551,0
DA:557,0
DA:559,0
DA:560,0
DA:561,0
DA:565,0
DA:566,0
DA:567,0
DA:568,0
DA:569,0
DA:570,0
DA:571,0
DA:575,0
DA:580,0
DA:583,0
DA:586,0
DA:591,0
DA:593,0
DA:594,0
DA:595,0
DA:598,0
DA:599,0
DA:603,0
DA:612,0
DA:615,0
DA:617,0
DA:618,0
DA:619,0
DA:620,0
DA:621,0
DA:622,0
DA:623,0
DA:624,0
DA:628,0
DA:630,0
DA:631,0
DA:632,0
DA:633,0
DA:634,0
DA:635,0
DA:636,0
DA:637,0
LF:262
LH:1
end_of_record
SF:lib/core/responsive/responsive_grid.dart
DA:16,1
DA:25,1
DA:27,1
DA:28,1
DA:29,1
DA:30,6
DA:32,1
DA:33,1
DA:34,1
DA:35,1
DA:36,1
DA:37,3
DA:38,1
DA:39,5
DA:41,1
DA:43,1
DA:45,1
DA:52,1
DA:53,1
DA:54,1
DA:55,0
DA:67,1
DA:75,1
DA:76,1
DA:77,1
DA:78,3
DA:79,0
DA:90,0
DA:98,0
DA:100,0
DA:103,0
DA:104,0
DA:105,0
DA:107,0
DA:111,0
DA:112,0
DA:113,0
DA:114,0
DA:118,0
DA:119,0
DA:121,0
DA:122,0
DA:124,0
DA:125,0
DA:126,0
DA:127,0
DA:128,0
DA:131,0
DA:134,0
DA:135,0
DA:149,0
DA:164,0
DA:173,0
DA:175,0
DA:176,0
DA:177,0
DA:178,0
DA:180,0
DA:181,0
DA:182,0
DA:183,0
DA:187,0
DA:188,0
DA:190,0
DA:191,0
DA:193,0
DA:194,0
LF:67
LH:25
end_of_record
SF:lib/core/responsive/responsive_builder.dart
DA:15,1
DA:23,1
DA:25,1
DA:26,1
DA:27,1
DA:28,0
DA:30,1
DA:31,0
DA:33,2
DA:34,2
DA:36,0
DA:37,0
DA:41,0
DA:43,0
DA:58,1
DA:66,1
DA:68,1
DA:69,0
DA:71,1
DA:72,0
DA:74,2
DA:75,1
DA:77,0
DA:88,0
DA:95,0
DA:96,0
DA:97,0
DA:99,0
DA:100,0
DA:102,0
DA:103,0
DA:105,0
DA:117,0
DA:126,0
DA:128,0
DA:129,0
DA:130,0
DA:131,0
DA:132,0
DA:133,0
DA:135,0
DA:137,0
DA:149,0
DA:157,0
DA:159,0
DA:161,0
DA:162,0
DA:163,0
DA:164,0
DA:165,0
DA:166,0
DA:171,0
DA:172,0
DA:173,0
DA:174,0
DA:188,1
DA:198,1
DA:202,1
DA:204,2
DA:206,1
DA:208,1
DA:212,1
LF:62
LH:21
end_of_record
SF:lib/core/responsive/adaptive_scaffold.dart
DA:16,1
DA:32,1
DA:41,1
DA:42,1
DA:48,1
DA:50,1
DA:51,3
DA:54,0
DA:55,0
DA:56,0
DA:58,0
DA:61,1
DA:63,1
DA:64,0
DA:65,2
DA:66,0
DA:70,0
DA:71,0
DA:72,0
DA:73,0
DA:74,0
DA:75,0
DA:77,0
DA:78,0
DA:79,0
DA:80,0
DA:81,0
DA:82,0
DA:83,0
DA:84,0
DA:85,0
DA:87,0
DA:89,0
DA:94,1
DA:95,1
DA:96,2
DA:97,1
DA:98,1
DA:99,1
DA:100,1
DA:101,1
DA:103,4
DA:104,1
DA:105,2
DA:106,1
DA:107,0
DA:109,2
DA:111,1
DA:114,1
DA:115,1
DA:116,1
DA:117,6
DA:122,2
DA:126,0
DA:127,0
DA:128,0
DA:129,0
DA:130,0
DA:131,0
DA:132,0
DA:133,0
DA:134,0
DA:135,0
DA:138,0
DA:139,0
DA:140,0
DA:141,0
DA:142,0
DA:143,0
DA:145,0
DA:150,0
DA:151,0
DA:152,0
DA:153,0
DA:154,0
DA:155,0
DA:157,0
DA:174,0
DA:183,0
DA:184,0
DA:190,0
DA:192,0
DA:193,0
DA:196,0
DA:198,0
DA:199,0
DA:200,0
DA:201,0
DA:205,0
DA:206,0
DA:207,0
DA:208,0
DA:209,0
DA:210,0
DA:211,0
DA:212,0
DA:217,0
DA:221,0
DA:222,0
DA:226,0
DA:227,0
DA:228,0
DA:229,0
DA:230,0
DA:231,0
DA:234,0
DA:235,0
DA:236,0
DA:237,0
LF:109
LH:29
end_of_record
SF:lib/core/responsive/platform_adaptive.dart
DA:16,1
DA:24,1
DA:26,0
DA:27,0
DA:30,2
DA:31,1
DA:32,1
DA:33,2
DA:35,1
DA:36,2
DA:38,0
DA:39,0
DA:40,0
DA:41,0
DA:42,0
DA:44,0
DA:56,1
DA:64,1
DA:66,1
DA:67,2
DA:68,2
DA:72,1
DA:73,1
DA:74,0
DA:75,0
DA:76,0
DA:77,0
DA:78,0
DA:81,0
DA:82,0
DA:83,0
DA:84,0
DA:89,1
DA:90,1
DA:91,1
DA:92,2
DA:95,0
DA:96,0
DA:97,0
DA:102,1
DA:103,1
DA:104,1
DA:105,1
DA:106,1
DA:108,1
DA:109,1
DA:110,0
DA:113,2
DA:118,0
DA:119,0
DA:120,0
DA:122,0
DA:123,0
DA:124,0
DA:127,0
DA:141,0
DA:148,0
DA:154,0
DA:156,0
DA:164,0
DA:166,0
DA:167,0
DA:168,0
DA:172,0
DA:173,0
DA:174,0
DA:175,0
DA:176,0
DA:177,0
DA:178,0
DA:179,0
DA:180,0
DA:181,0
DA:182,0
DA:186,0
DA:190,0
DA:191,0
DA:192,0
DA:193,0
DA:194,0
DA:195,0
DA:196,0
DA:197,0
DA:198,0
DA:199,0
DA:201,0
DA:213,0
DA:226,0
DA:232,0
DA:234,0
DA:235,0
DA:236,0
DA:237,0
DA:238,0
DA:239,0
DA:240,0
DA:244,0
DA:245,0
DA:246,0
DA:258,0
DA:265,0
DA:267,0
DA:268,0
DA:269,0
DA:270,0
DA:271,0
DA:273,0
DA:274,0
DA:275,0
DA:276,0
DA:290,0
DA:299,0
DA:301,0
DA:302,0
DA:303,0
DA:304,0
DA:305,0
DA:306,0
DA:307,0
DA:309,0
DA:310,0
DA:311,0
DA:312,0
DA:313,0
DA:314,0
LF:125
LH:27
end_of_record
SF:lib/core/theme/design_tokens.dart
DA:30,0
DA:145,1
DA:146,4
DA:149,1
DA:150,3
DA:151,2
DA:154,1
DA:155,4
DA:158,1
DA:159,4
LF:10
LH:9
end_of_record
SF:lib/core/cache/cache_interceptor.dart
DA:15,1
DA:18,0
DA:19,1
DA:21,0
DA:27,0
DA:28,0
DA:32,0
DA:33,0
DA:37,0
DA:39,0
DA:40,0
DA:41,0
DA:45,0
DA:48,0
DA:52,0
DA:54,0
DA:57,0
DA:60,1
DA:66,2
DA:67,0
DA:70,2
DA:73,2
DA:74,0
DA:76,0
DA:77,0
DA:79,0
DA:83,2
DA:84,3
DA:86,2
DA:88,1
DA:89,1
DA:90,1
DA:91,2
DA:94,3
DA:98,2
DA:100,0
DA:101,0
DA:108,5
DA:112,1
DA:115,0
DA:121,0
DA:122,0
DA:124,0
DA:125,0
DA:131,0
DA:132,0
DA:133,0
DA:134,0
DA:135,0
DA:139,0
DA:142,0
DA:146,0
DA:149,1
DA:150,2
DA:151,1
DA:152,1
DA:154,4
DA:158,0
DA:159,0
DA:163,0
DA:164,0
LF:61
LH:22
end_of_record
SF:lib/core/cache/cache_warming.dart
DA:17,1
DA:20,0
DA:21,0
DA:24,1
DA:25,2
DA:29,0
DA:31,0
DA:40,0
DA:49,0
DA:58,0
DA:66,0
DA:75,1
DA:79,1
DA:80,1
DA:83,5
DA:87,2
DA:88,5
DA:92,3
DA:95,0
DA:98,0
DA:100,0
DA:102,0
DA:104,1
DA:108,1
DA:112,2
DA:113,1
DA:114,1
DA:118,2
DA:119,4
DA:120,4
DA:123,6
DA:126,1
DA:128,2
DA:135,1
DA:136,1
DA:140,2
DA:141,2
DA:144,0
DA:145,0
DA:148,0
DA:153,3
DA:155,2
DA:157,2
DA:159,1
DA:160,1
DA:161,1
DA:162,2
DA:164,1
DA:165,1
DA:168,1
DA:169,1
DA:172,2
DA:175,0
DA:176,0
DA:178,0
DA:179,0
DA:183,0
DA:184,0
DA:186,0
DA:187,0
DA:193,0
DA:194,0
DA:206,1
DA:223,1
DA:231,0
DA:232,0
DA:249,1
DA:257,0
DA:258,0
LF:69
LH:40
end_of_record
SF:lib/core/network/dio_provider.dart
DA:5,0
DA:6,0
DA:10,0
DA:11,0
DA:18,0
LF:5
LH:0
end_of_record
SF:lib/core/components/inputs/app_input.dart
DA:29,2
DA:51,1
DA:53,1
DA:55,1
DA:56,1
DA:57,1
DA:58,1
DA:59,1
DA:60,1
DA:61,1
DA:62,2
DA:63,1
DA:64,1
DA:65,2
DA:66,1
DA:67,1
DA:68,3
DA:70,1
DA:71,1
DA:72,1
DA:73,1
DA:74,1
DA:75,1
DA:77,1
DA:78,2
DA:79,0
DA:80,1
DA:81,1
DA:82,1
DA:83,2
DA:86,1
DA:87,1
DA:88,1
DA:89,3
DA:92,1
DA:93,1
DA:94,1
DA:95,2
DA:99,1
DA:100,1
DA:101,1
DA:102,2
DA:105,1
DA:106,1
DA:107,1
DA:108,3
DA:118,1
DA:119,1
DA:120,1
DA:127,1
DA:128,1
DA:129,1
DA:130,1
DA:131,1
DA:138,1
DA:139,1
DA:140,1
DA:141,2
DA:142,1
DA:148,1
DA:149,1
DA:150,1
DA:151,2
DA:152,1
DA:158,0
DA:159,0
DA:160,0
DA:161,0
DA:168,1
DA:169,1
DA:170,2
DA:171,1
LF:72
LH:67
end_of_record
SF:lib/core/components/base/base_component.dart
DA:13,4
DA:24,2
DA:28,2
DA:29,0
DA:30,0
DA:36,2
DA:37,0
DA:39,0
DA:48,2
DA:50,2
DA:52,2
LF:11
LH:7
end_of_record
SF:lib/core/components/buttons/app_button.dart
DA:20,2
DA:33,1
DA:35,1
DA:36,1
DA:37,1
DA:39,1
DA:40,0
DA:41,0
DA:42,0
DA:46,1
DA:49,1
DA:50,3
DA:51,1
DA:52,2
DA:54,3
DA:59,1
DA:60,2
DA:66,1
DA:67,1
DA:68,1
DA:69,1
DA:70,1
DA:71,1
DA:73,1
DA:74,1
DA:80,1
DA:81,1
DA:82,2
DA:86,1
DA:87,1
DA:89,1
DA:90,1
DA:91,1
DA:92,2
DA:93,2
DA:96,1
DA:97,1
DA:98,2
DA:99,2
DA:102,1
DA:103,0
DA:104,0
DA:105,0
DA:108,1
DA:109,1
DA:110,2
DA:111,2
DA:114,0
DA:115,0
DA:117,0
DA:124,1
DA:125,1
DA:126,1
DA:128,1
DA:130,1
DA:135,1
DA:136,1
DA:137,1
DA:139,1
DA:141,1
DA:146,1
DA:147,1
DA:148,1
DA:150,1
DA:152,0
DA:157,1
DA:158,1
DA:159,1
DA:161,1
DA:163,0
DA:168,1
DA:169,1
DA:170,1
DA:171,2
DA:172,0
DA:173,0
DA:174,0
DA:175,0
DA:176,0
DA:177,0
DA:178,0
DA:179,0
LF:82
LH:63
end_of_record
SF:lib/core/events/event_bus.dart
DA:15,1
DA:19,1
DA:21,3
DA:23,0
DA:24,0
DA:25,0
DA:26,0
DA:27,0
DA:33,3
DA:34,2
DA:35,1
DA:43,3
DA:46,1
DA:47,1
DA:49,5
DA:52,2
DA:53,3
DA:54,3
DA:55,2
DA:59,1
DA:63,1
DA:65,1
DA:68,2
DA:71,2
DA:73,2
DA:74,1
DA:75,1
DA:82,4
DA:87,0
DA:88,0
DA:90,0
DA:93,1
DA:94,2
DA:95,4
DA:96,0
DA:101,0
DA:106,0
DA:109,0
DA:113,0
DA:117,0
DA:124,0
DA:125,0
DA:129,1
DA:130,3
DA:131,2
DA:132,1
DA:135,2
DA:136,2
DA:137,2
LF:49
LH:33
end_of_record
SF:lib/core/events/domain_events.dart
DA:17,1
DA:23,1
DA:25,0
DA:26,0
DA:27,0
DA:28,0
DA:29,0
DA:30,0
DA:31,0
DA:42,1
DA:48,1
DA:50,0
DA:51,0
DA:52,0
DA:53,0
DA:54,0
DA:55,0
DA:56,0
DA:65,0
DA:69,0
DA:71,0
DA:72,0
DA:73,0
DA:74,0
DA:75,0
DA:83,0
DA:86,0
DA:88,0
DA:89,0
DA:90,0
DA:91,0
DA:101,0
DA:105,0
DA:114,0
DA:119,0
DA:129,0
DA:134,0
DA:145,0
DA:151,0
DA:161,0
DA:166,0
DA:175,0
DA:180,0
DA:188,0
DA:192,0
DA:201,0
DA:205,0
DA:215,0
DA:220,0
LF:49
LH:4
end_of_record
SF:lib/core/events/event_store.dart
DA:15,3
DA:16,2
DA:17,1
DA:26,1
DA:27,1
DA:28,0
DA:32,0
DA:33,0
DA:36,0
DA:37,0
DA:40,0
DA:44,0
DA:45,0
DA:48,0
DA:49,0
DA:52,0
DA:56,0
DA:59,0
DA:60,0
DA:64,0
DA:65,0
DA:66,0
DA:67,0
DA:71,0
DA:72,0
DA:73,0
DA:74,0
DA:75,0
DA:79,0
DA:84,0
DA:87,0
DA:88,0
DA:89,0
DA:93,0
DA:94,0
DA:95,0
DA:99,0
DA:102,0
DA:103,0
DA:105,0
DA:106,0
DA:110,0
DA:115,0
DA:116,0
DA:117,0
DA:118,0
DA:119,0
DA:120,0
DA:126,0
DA:127,0
DA:133,0
DA:134,0
DA:135,0
DA:136,0
DA:137,0
DA:138,0
DA:139,0
DA:147,0
DA:148,0
DA:154,0
DA:155,0
DA:156,0
DA:157,0
DA:158,0
DA:159,0
DA:160,0
DA:168,1
DA:169,2
DA:170,1
DA:174,0
DA:175,0
DA:178,0
DA:179,0
DA:180,0
DA:183,0
DA:189,0
DA:190,0
DA:193,0
DA:195,0
DA:199,0
DA:204,0
LF:81
LH:8
end_of_record
SF:lib/core/events/event_replay.dart
DA:20,0
DA:21,0
DA:22,0
DA:26,0
DA:29,0
DA:33,0
DA:34,0
DA:40,0
DA:41,0
DA:43,0
DA:46,0
DA:50,0
DA:56,0
DA:57,0
DA:63,0
DA:64,0
DA:66,0
DA:69,0
DA:72,0
DA:76,0
DA:81,0
DA:82,0
DA:88,0
DA:89,0
DA:91,0
DA:95,0
DA:99,0
DA:101,0
DA:104,0
DA:106,0
DA:111,0
DA:113,0
DA:114,0
DA:116,0
DA:118,0
DA:124,0
DA:126,0
DA:128,0
DA:133,0
DA:134,0
DA:136,0
DA:138,0
DA:144,0
DA:145,0
DA:148,0
DA:152,0
DA:154,0
DA:158,0
DA:163,0
DA:169,0
DA:170,0
DA:173,0
DA:177,0
DA:178,0
DA:179,0
DA:182,0
DA:184,0
DA:186,0
DA:188,0
DA:189,0
DA:190,0
DA:196,0
DA:197,0
DA:201,1
DA:202,1
DA:203,1
DA:217,0
DA:226,0
DA:227,0
DA:230,0
DA:231,0
DA:245,0
LF:72
LH:3
end_of_record
SF:lib/core/events/event_handlers.dart
DA:16,0
DA:17,0
DA:20,1
DA:21,2
DA:22,1
DA:32,0
DA:35,0
DA:38,0
DA:41,0
DA:44,0
DA:54,1
DA:56,5
DA:59,0
DA:62,0
DA:63,0
DA:66,0
DA:69,0
DA:72,0
DA:76,0
DA:77,0
DA:78,0
DA:79,0
DA:90,0
DA:91,0
DA:93,0
DA:94,0
DA:95,0
DA:98,0
DA:99,0
DA:100,0
DA:101,0
DA:104,0
DA:107,0
DA:116,0
DA:118,0
DA:121,0
DA:123,0
DA:126,0
DA:131,0
DA:134,0
DA:144,0
DA:146,0
DA:147,0
DA:148,0
DA:153,0
DA:154,0
DA:155,0
DA:160,0
DA:163,0
DA:167,0
DA:175,0
DA:176,0
DA:178,0
DA:179,0
DA:180,0
DA:181,0
DA:184,0
DA:185,0
DA:186,0
DA:189,0
DA:192,0
DA:196,0
DA:199,0
LF:63
LH:5
end_of_record
SF:lib/core/performance/lazy_list.dart
DA:19,1
DA:31,1
DA:32,1
DA:44,1
DA:46,1
DA:47,1
DA:48,3
DA:51,1
DA:53,2
DA:54,1
DA:57,1
DA:58,2
DA:59,1
DA:60,1
DA:64,5
DA:65,2
DA:66,2
DA:67,2
DA:68,1
DA:69,5
DA:70,1
DA:73,0
DA:74,0
DA:75,0
DA:80,0
DA:81,0
DA:83,0
DA:84,0
DA:88,0
DA:89,0
DA:91,0
DA:92,0
DA:93,0
DA:94,0
DA:95,0
DA:98,0
DA:99,0
DA:100,0
DA:105,0
DA:106,0
DA:107,0
DA:108,0
DA:112,1
DA:114,1
DA:115,0
DA:116,0
DA:119,3
DA:120,2
DA:124,2
DA:125,0
DA:129,1
DA:130,1
DA:131,4
DA:132,1
DA:133,3
DA:134,5
DA:138,0
DA:140,0
DA:141,0
DA:149,2
DA:150,1
DA:151,1
DA:167,1
DA:175,1
DA:176,1
DA:184,1
DA:186,1
DA:187,4
DA:190,1
DA:192,2
DA:193,1
DA:196,0
DA:197,0
DA:198,0
DA:200,0
DA:201,0
DA:202,0
DA:207,1
DA:209,1
DA:210,1
DA:211,6
DA:212,5
DA:215,7
DA:216,6
DA:217,3
DA:219,1
DA:220,1
DA:222,1
DA:225,1
DA:226,1
DA:227,1
DA:228,1
DA:229,1
DA:231,4
DA:234,1
DA:235,1
DA:236,2
DA:237,2
DA:238,4
DA:243,1
DA:244,6
DA:263,0
DA:270,0
DA:271,0
DA:280,0
DA:282,0
DA:283,0
DA:286,0
DA:287,0
DA:289,0
DA:292,0
DA:293,0
DA:294,0
DA:295,0
DA:296,0
DA:297,0
DA:300,0
DA:304,0
DA:306,0
DA:307,0
DA:308,0
DA:309,0
DA:310,0
DA:313,0
DA:314,0
DA:323,0
LF:126
LH:68
end_of_record
SF:lib/core/performance/performance_monitor.dart
DA:12,3
DA:13,2
DA:14,1
DA:22,1
DA:23,1
DA:24,1
DA:27,3
DA:31,1
DA:32,1
DA:33,3
DA:37,1
DA:38,4
DA:42,1
DA:43,2
DA:46,1
DA:47,1
DA:50,5
DA:56,1
DA:60,1
DA:62,1
DA:64,1
DA:69,0
DA:73,0
DA:75,0
DA:77,0
DA:81,1
DA:82,2
DA:85,3
DA:86,0
DA:91,1
DA:92,1
DA:93,1
DA:94,1
DA:95,1
DA:99,1
DA:100,2
DA:101,0
DA:104,1
DA:105,3
DA:106,1
DA:107,1
DA:108,3
DA:109,1
DA:111,1
DA:112,1
DA:113,1
DA:114,2
DA:115,1
DA:116,4
DA:117,1
DA:121,1
DA:122,1
DA:124,3
DA:125,1
DA:126,1
DA:128,3
DA:129,1
DA:130,1
DA:131,1
DA:132,1
DA:133,1
DA:140,1
DA:142,1
DA:148,1
DA:149,1
DA:152,3
DA:153,1
DA:155,1
DA:156,2
DA:161,0
DA:162,0
DA:163,0
DA:164,0
DA:174,1
DA:188,1
DA:195,0
DA:202,0
DA:203,0
DA:206,0
DA:207,0
DA:219,1
DA:233,1
DA:246,0
DA:254,0
DA:255,0
DA:262,0
DA:264,0
DA:265,0
DA:266,0
DA:268,0
DA:272,0
DA:274,0
DA:275,0
DA:278,0
DA:279,0
DA:280,0
DA:281,0
DA:286,0
DA:288,0
DA:289,0
DA:290,0
DA:291,0
DA:292,0
DA:295,0
DA:296,0
DA:299,0
DA:304,0
DA:306,0
DA:307,0
DA:308,0
DA:309,0
DA:310,0
DA:311,0
DA:312,0
DA:313,0
DA:314,0
DA:315,0
DA:330,0
DA:332,0
DA:334,0
DA:335,0
DA:341,0
DA:342,0
DA:343,0
DA:344,0
DA:345,0
LF:126
LH:67
end_of_record
SF:lib/core/performance/code_splitting.dart
DA:14,0
DA:26,0
DA:31,0
DA:33,0
DA:34,0
DA:35,0
DA:36,0
DA:37,0
DA:45,0
DA:46,0
DA:47,0
DA:48,0
DA:49,0
DA:54,0
DA:62,3
DA:63,3
DA:66,1
DA:71,2
DA:72,2
DA:76,2
DA:77,0
DA:81,1
DA:82,2
DA:86,2
DA:87,2
DA:90,0
DA:96,0
DA:100,0
DA:101,0
DA:103,0
DA:105,0
DA:108,0
DA:112,0
DA:114,0
DA:116,0
DA:117,0
DA:123,1
DA:124,1
DA:125,2
DA:126,2
DA:127,3
DA:128,3
DA:140,0
DA:148,0
DA:149,0
DA:155,0
DA:157,0
DA:158,0
DA:159,0
DA:163,0
DA:164,0
DA:165,0
DA:166,0
DA:170,0
DA:172,0
DA:174,0
DA:175,0
DA:176,0
DA:177,0
DA:180,0
DA:184,0
DA:185,0
DA:186,0
DA:187,0
DA:188,0
DA:190,0
DA:199,0
DA:206,0
DA:207,0
DA:208,0
DA:210,0
DA:215,0
DA:219,0
DA:220,0
DA:226,0
DA:227,0
DA:228,0
DA:229,0
DA:230,0
DA:240,1
DA:245,1
DA:248,2
DA:249,2
DA:250,4
DA:251,2
DA:254,0
DA:257,2
DA:261,1
DA:262,2
DA:263,2
DA:267,0
DA:268,0
DA:269,0
DA:272,1
DA:273,1
DA:274,2
DA:275,2
DA:276,5
DA:277,1
LF:99
LH:32
end_of_record
SF:lib/core/performance/bundle_optimization.dart
DA:11,1
DA:13,0
DA:19,1
DA:21,1
DA:27,0
DA:29,0
DA:35,0
DA:36,0
DA:37,0
DA:40,0
DA:41,0
DA:48,0
DA:51,0
DA:52,0
DA:55,0
DA:63,1
DA:67,2
DA:68,2
DA:71,1
DA:73,1
DA:77,1
DA:81,1
DA:85,0
DA:92,0
DA:93,0
DA:94,0
DA:108,0
DA:112,0
DA:117,0
DA:118,0
DA:124,0
DA:129,0
DA:130,0
DA:142,0
DA:146,0
DA:147,0
DA:151,0
DA:155,0
DA:156,0
DA:175,3
DA:178,1
DA:179,2
DA:183,1
DA:184,5
DA:186,3
DA:187,5
DA:189,1
DA:191,1
DA:192,2
DA:193,2
DA:194,4
DA:195,1
DA:196,1
DA:197,2
DA:198,4
DA:199,1
DA:204,1
DA:205,2
LF:58
LH:29
end_of_record
SF:lib/core/performance/image_optimization.dart
DA:24,0
DA:38,0
DA:39,0
DA:44,0
DA:45,0
DA:47,0
DA:49,0
DA:51,0
DA:52,0
DA:53,0
DA:54,0
DA:55,0
DA:56,0
DA:57,0
DA:58,0
DA:59,0
DA:60,0
DA:61,0
DA:63,0
DA:67,0
DA:69,0
DA:77,0
DA:79,0
DA:80,0
DA:83,0
DA:92,0
DA:93,0
DA:94,0
DA:97,0
DA:99,0
DA:100,0
DA:101,0
DA:102,0
DA:103,0
DA:105,0
DA:113,0
DA:114,0
DA:115,0
DA:116,0
DA:117,0
DA:118,0
DA:120,0
DA:135,0
DA:145,0
DA:146,0
DA:152,0
DA:154,0
DA:156,0
DA:158,0
DA:159,0
DA:160,0
DA:161,0
DA:162,0
DA:168,0
DA:169,0
DA:170,0
DA:171,0
DA:172,0
DA:173,0
DA:174,0
DA:175,0
DA:176,0
DA:177,0
DA:178,0
DA:179,0
DA:180,0
DA:195,3
DA:196,2
DA:197,1
DA:204,0
DA:208,0
DA:209,0
DA:212,0
DA:216,0
DA:217,0
DA:218,0
DA:219,0
DA:220,0
DA:224,1
DA:228,2
DA:231,1
DA:235,1
DA:240,1
DA:241,2
DA:243,1
DA:244,1
DA:245,1
DA:246,1
DA:247,1
DA:248,1
DA:249,1
DA:262,0
DA:271,0
DA:272,0
DA:278,0
DA:280,0
DA:281,0
DA:282,0
DA:283,0
DA:286,0
DA:287,0
DA:288,0
DA:289,0
DA:290,0
DA:291,0
DA:293,0
DA:303,0
DA:309,0
DA:310,0
DA:314,0
DA:317,0
DA:318,0
DA:321,0
DA:328,0
LF:114
LH:16
end_of_record
SF:lib/features/leads/presentation/widgets/callback_scheduling_dialog.dart
DA:17,1
DA:22,1
DA:23,1
DA:35,1
DA:37,1
DA:39,2
DA:40,5
DA:41,1
DA:44,1
DA:46,2
DA:47,2
DA:48,1
DA:51,0
DA:52,0
DA:53,0
DA:54,0
DA:55,0
DA:56,0
DA:57,0
DA:58,0
DA:59,0
DA:73,0
DA:74,0
DA:79,0
DA:80,0
DA:81,0
DA:82,0
DA:83,0
DA:84,0
DA:85,0
DA:99,0
DA:100,0
DA:105,1
DA:106,2
DA:107,1
DA:111,3
DA:114,1
DA:115,2
DA:116,2
DA:117,2
DA:118,2
DA:119,2
DA:122,3
DA:125,3
DA:130,7
DA:131,4
DA:133,1
DA:136,1
DA:137,1
DA:138,2
DA:139,1
DA:140,3
DA:141,1
DA:142,2
DA:148,1
DA:149,4
DA:156,2
DA:157,1
DA:163,1
DA:164,1
DA:167,3
DA:168,2
DA:169,2
DA:170,1
DA:172,2
DA:174,4
DA:175,1
DA:176,3
DA:177,2
DA:184,1
DA:185,0
DA:186,0
DA:187,0
DA:189,0
DA:192,0
DA:194,0
DA:198,1
DA:199,0
DA:202,0
DA:204,0
DA:205,0
DA:206,0
DA:207,0
DA:209,0
DA:210,0
DA:212,0
DA:213,0
DA:214,0
DA:215,0
DA:216,0
DA:217,0
DA:221,0
DA:223,0
DA:227,0
DA:228,0
DA:230,0
DA:231,0
DA:234,0
DA:235,0
DA:238,0
DA:239,0
DA:249,0
DA:254,1
DA:255,7
DA:257,1
DA:258,3
DA:261,2
DA:263,0
DA:264,0
DA:266,0
DA:270,0
DA:273,3
DA:274,1
DA:275,1
DA:282,0
DA:283,0
DA:284,0
DA:285,0
DA:286,0
DA:287,0
DA:293,1
DA:294,2
DA:295,1
DA:301,1
DA:302,1
DA:304,5
DA:305,2
DA:306,3
DA:308,6
DA:311,1
DA:312,2
DA:314,1
DA:321,1
DA:323,1
DA:324,2
DA:325,2
DA:326,2
DA:327,2
DA:328,2
DA:331,1
DA:333,1
DA:334,1
DA:335,1
DA:337,1
DA:338,1
DA:339,1
DA:354,1
DA:355,1
DA:358,1
DA:360,1
DA:362,1
DA:363,1
DA:369,1
DA:370,1
DA:371,1
DA:372,1
DA:374,1
DA:375,2
DA:376,1
DA:378,1
DA:379,1
DA:386,1
DA:387,7
DA:391,1
DA:393,1
DA:403,1
DA:405,1
DA:406,1
DA:412,1
DA:413,1
DA:414,1
DA:415,1
DA:417,1
DA:418,2
DA:419,1
DA:421,1
DA:422,1
DA:429,1
DA:430,2
DA:434,1
DA:436,1
DA:446,1
DA:448,1
DA:449,1
DA:455,1
DA:456,1
DA:459,1
DA:461,2
DA:463,1
DA:464,1
DA:465,1
DA:466,2
DA:468,1
DA:469,1
DA:470,2
DA:472,1
DA:473,1
DA:482,1
DA:484,1
DA:485,1
DA:486,1
DA:487,2
DA:489,1
DA:491,1
DA:513,1
DA:514,1
DA:515,0
DA:516,0
DA:517,0
DA:520,1
DA:522,1
DA:523,1
DA:527,1
DA:528,1
DA:529,1
DA:530,1
DA:543,1
DA:544,1
DA:545,0
DA:546,0
DA:547,0
DA:550,1
DA:552,1
DA:553,1
DA:557,1
DA:559,1
DA:560,1
DA:571,1
DA:573,0
DA:574,0
DA:577,0
DA:579,0
DA:580,0
DA:584,0
DA:585,0
DA:589,0
DA:590,0
DA:591,0
DA:592,0
DA:594,0
DA:595,0
DA:596,0
DA:598,0
DA:599,0
DA:602,0
DA:604,0
DA:619,1
DA:621,1
DA:622,1
DA:623,1
DA:624,2
DA:626,1
DA:627,1
DA:634,1
DA:635,1
DA:636,2
DA:649,1
DA:650,1
DA:651,1
DA:654,1
DA:655,2
DA:656,1
DA:660,1
LF:263
LH:178
end_of_record
SF:lib/features/leads/domain/services/calendar_service.dart
DA:17,0
DA:24,0
DA:26,0
DA:27,0
DA:28,0
DA:29,0
DA:31,0
DA:41,0
DA:45,0
DA:53,0
DA:54,0
DA:55,0
DA:56,0
DA:61,0
DA:65,0
DA:71,1
DA:78,1
DA:79,1
DA:80,1
DA:82,1
DA:87,1
DA:88,1
DA:89,2
DA:90,1
DA:93,4
DA:97,1
DA:98,4
DA:99,2
DA:105,0
DA:117,0
DA:126,0
DA:134,0
DA:137,0
DA:138,0
DA:139,0
DA:140,0
DA:141,0
DA:142,0
DA:143,0
DA:144,0
DA:145,0
DA:148,0
DA:149,0
DA:152,0
DA:156,0
DA:161,1
DA:163,1
DA:164,1
DA:165,1
DA:166,3
DA:167,3
DA:168,2
DA:172,1
DA:175,0
DA:177,0
DA:180,0
DA:183,0
DA:184,0
DA:185,0
DA:187,0
DA:193,0
DA:196,0
DA:217,0
DA:220,0
DA:221,0
DA:222,0
DA:223,0
DA:234,0
DA:237,0
DA:238,0
DA:240,0
DA:241,0
DA:242,0
DA:244,0
LF:74
LH:21
end_of_record
SF:lib/features/leads/presentation/providers/email_settings_provider.dart
DA:14,0
DA:25,0
DA:35,0
DA:36,0
DA:37,0
DA:38,0
DA:39,0
DA:40,0
DA:41,0
DA:42,0
DA:43,0
DA:48,0
DA:49,0
DA:61,0
DA:62,0
DA:76,0
DA:77,0
DA:80,0
DA:81,0
DA:83,0
DA:84,0
DA:85,0
DA:86,0
DA:87,0
DA:88,0
DA:89,0
DA:90,0
DA:91,0
DA:95,0
DA:96,0
DA:98,0
DA:99,0
DA:100,0
DA:102,0
DA:103,0
DA:105,0
DA:106,0
DA:108,0
DA:109,0
DA:111,0
DA:112,0
DA:113,0
DA:115,0
DA:116,0
DA:119,0
DA:122,0
DA:123,0
DA:125,0
DA:126,0
DA:127,0
DA:128,0
DA:129,0
DA:130,0
DA:131,0
DA:132,0
DA:134,0
DA:138,0
DA:139,0
LF:58
LH:0
end_of_record
SF:lib/features/leads/presentation/providers/lead_detail_provider.dart
DA:5,3
DA:6,0
DA:7,0
DA:8,0
DA:9,0
LF:5
LH:1
end_of_record
SF:lib/features/leads/presentation/widgets/dynamic_pipeline_widget.dart
DA:15,0
DA:22,0
DA:23,0
DA:31,0
DA:33,0
DA:34,0
DA:37,0
DA:39,0
DA:42,0
DA:43,0
DA:48,0
DA:50,0
DA:51,0
DA:54,0
DA:56,0
DA:58,0
DA:59,0
DA:60,0
DA:63,0
DA:65,0
DA:68,0
DA:69,0
DA:70,0
DA:74,0
DA:75,0
DA:76,0
DA:77,0
DA:78,0
DA:79,0
DA:82,0
DA:91,0
DA:92,0
DA:94,0
DA:95,0
DA:97,0
DA:98,0
DA:99,0
DA:104,0
DA:105,0
DA:106,0
DA:109,0
DA:112,0
DA:113,0
DA:121,0
DA:127,0
DA:128,0
DA:130,0
DA:132,0
DA:133,0
DA:134,0
DA:135,0
DA:136,0
DA:140,0
DA:142,0
DA:143,0
DA:146,0
DA:148,0
DA:149,0
DA:153,0
DA:154,0
DA:155,0
DA:156,0
DA:166,0
DA:167,0
DA:169,0
DA:170,0
DA:172,0
DA:173,0
DA:175,0
DA:176,0
DA:177,0
DA:178,0
DA:180,0
DA:181,0
DA:182,0
DA:183,0
DA:185,0
DA:186,0
DA:187,0
DA:188,0
DA:194,0
DA:195,0
DA:196,0
DA:197,0
DA:198,0
DA:199,0
DA:201,0
DA:202,0
DA:205,0
DA:206,0
DA:207,0
DA:219,0
DA:227,0
DA:228,0
DA:229,0
DA:230,0
DA:231,0
DA:232,0
DA:233,0
DA:234,0
DA:235,0
DA:236,0
DA:238,0
DA:252,0
DA:259,0
DA:261,0
DA:262,0
DA:265,0
DA:268,0
DA:269,0
DA:270,0
DA:271,0
DA:276,0
DA:280,0
DA:281,0
DA:285,0
DA:286,0
DA:287,0
DA:293,0
DA:294,0
DA:295,0
DA:299,0
DA:301,0
DA:302,0
DA:304,0
DA:309,0
DA:311,0
DA:312,0
DA:313,0
DA:314,0
DA:315,0
DA:317,0
DA:318,0
DA:326,0
DA:328,0
DA:329,0
DA:330,0
DA:332,0
DA:333,0
DA:349,0
DA:351,0
DA:352,0
DA:353,0
DA:354,0
DA:355,0
DA:358,0
DA:360,0
DA:362,0
DA:364,0
DA:366,0
DA:368,0
DA:372,0
DA:373,0
DA:374,0
DA:375,0
DA:376,0
DA:379,0
DA:380,0
DA:381,0
DA:382,0
DA:385,0
DA:387,0
DA:388,0
DA:389,0
DA:394,0
DA:395,0
DA:396,0
DA:398,0
DA:399,0
DA:402,0
DA:403,0
DA:404,0
DA:405,0
DA:406,0
DA:409,0
DA:410,0
DA:423,0
DA:427,0
DA:429,0
DA:431,0
DA:432,0
DA:433,0
DA:436,0
DA:437,0
DA:438,0
DA:440,0
DA:441,0
DA:442,0
DA:443,0
DA:447,0
DA:448,0
DA:449,0
DA:450,0
DA:452,0
DA:455,0
DA:459,0
DA:460,0
DA:461,0
DA:462,0
DA:464,0
DA:465,0
DA:467,0
DA:468,0
DA:469,0
DA:470,0
DA:471,0
DA:474,0
DA:475,0
DA:476,0
DA:477,0
DA:478,0
DA:479,0
DA:480,0
DA:483,0
DA:489,0
DA:491,0
DA:492,0
DA:504,1
DA:520,1
DA:527,1
DA:528,5
DA:529,1
DA:532,0
DA:533,0
DA:535,0
DA:536,0
DA:538,0
DA:542,0
DA:545,0
DA:546,0
DA:549,1
DA:550,5
DA:553,1
DA:554,2
DA:557,1
DA:558,4
DA:561,1
DA:562,2
DA:564,1
DA:567,1
DA:568,1
DA:569,5
DA:571,1
DA:577,3
DA:580,1
DA:581,1
DA:588,1
DA:595,1
DA:602,1
DA:609,1
DA:619,3
DA:622,2
DA:625,0
DA:628,0
DA:631,3
DA:634,3
DA:635,1
DA:636,1
DA:637,1
DA:648,3
DA:651,3
DA:652,1
DA:653,1
DA:654,1
DA:665,3
DA:668,3
DA:669,1
DA:670,1
DA:671,1
LF:269
LH:42
end_of_record
SF:lib/features/auth/domain/entities/auth_failure.dart
DA:45,0
DA:46,0
DA:47,0
DA:48,0
DA:49,0
DA:50,0
DA:51,0
DA:52,0
DA:53,0
DA:54,0
DA:55,0
DA:56,0
DA:57,0
DA:58,0
DA:59,0
DA:60,0
DA:61,0
DA:62,0
DA:63,0
DA:64,0
DA:65,0
DA:66,0
DA:67,0
DA:68,0
DA:69,0
DA:73,0
DA:74,0
DA:75,0
DA:76,0
DA:77,0
DA:78,0
DA:79,0
DA:80,0
DA:81,0
DA:82,0
DA:83,0
DA:84,0
DA:85,0
DA:86,0
DA:87,0
DA:88,0
DA:89,0
DA:90,0
DA:91,0
DA:92,0
DA:93,0
DA:94,0
DA:95,0
DA:96,0
DA:97,0
LF:50
LH:0
end_of_record
SF:lib/features/auth/data/models/auth_models.dart
DA:22,0
DA:40,0
DA:53,0
DA:64,0
DA:76,0
LF:5
LH:0
end_of_record
SF:lib/features/auth/data/models/auth_models.g.dart
DA:9,0
DA:10,0
DA:11,0
DA:12,0
DA:13,0
DA:14,0
DA:15,0
DA:17,0
DA:20,0
DA:21,0
DA:22,0
DA:23,0
DA:24,0
DA:25,0
DA:26,0
DA:29,0
DA:30,0
DA:31,0
DA:32,0
DA:33,0
DA:34,0
DA:35,0
DA:36,0
DA:37,0
DA:38,0
DA:39,0
DA:40,0
DA:43,0
DA:44,0
DA:45,0
DA:46,0
DA:47,0
DA:48,0
DA:49,0
DA:50,0
DA:51,0
DA:52,0
DA:53,0
DA:54,0
DA:57,0
DA:58,0
DA:59,0
DA:60,0
DA:61,0
DA:62,0
DA:63,0
DA:66,0
DA:68,0
DA:69,0
DA:70,0
DA:71,0
DA:72,0
DA:73,0
DA:83,0
DA:84,0
DA:85,0
DA:86,0
DA:87,0
DA:90,0
DA:91,0
DA:92,0
DA:93,0
DA:94,0
DA:97,0
DA:99,0
DA:100,0
DA:101,0
DA:102,0
DA:103,0
DA:106,0
DA:108,0
DA:109,0
DA:110,0
DA:111,0
DA:112,0
LF:75
LH:0
end_of_record
SF:lib/core/security/biometric_service.dart
DA:19,0
DA:22,0
DA:28,0
DA:31,0
DA:32,0
DA:38,0
DA:41,0
DA:53,0
DA:55,0
DA:58,0
DA:61,0
DA:63,0
LF:12
LH:0
end_of_record
SF:lib/core/security/secure_storage_service.dart
DA:18,0
DA:20,0
DA:23,0
DA:25,0
DA:28,0
DA:30,0
DA:33,0
DA:35,0
LF:8
LH:0
end_of_record
SF:lib/features/auth/domain/entities/auth_user.dart
DA:28,0
LF:1
LH:0
end_of_record
SF:lib/features/auth/domain/entities/auth_user.g.dart
DA:9,0
DA:10,0
DA:11,0
DA:12,0
DA:13,0
DA:14,0
DA:15,0
DA:16,0
DA:17,0
DA:18,0
DA:19,0
DA:20,0
DA:21,0
DA:22,0
DA:24,0
DA:27,0
DA:28,0
DA:29,0
DA:30,0
DA:31,0
DA:32,0
DA:33,0
DA:34,0
DA:35,0
DA:36,0
DA:37,0
DA:38,0
DA:39,0
DA:40,0
LF:29
LH:0
end_of_record
SF:lib/core/repositories/base_repository.dart
DA:47,1
LF:1
LH:1
end_of_record
SF:lib/core/repositories/cache_manager.dart
DA:11,1
DA:17,6
DA:19,0
DA:20,0
DA:21,0
DA:22,0
DA:25,0
DA:26,0
DA:27,0
DA:28,0
DA:35,2
DA:37,1
DA:44,0
DA:45,0
DA:46,0
DA:49,0
DA:51,0
DA:56,1
DA:57,1
DA:59,1
DA:64,2
DA:67,1
DA:69,0
DA:77,1
DA:79,2
DA:81,1
DA:82,1
DA:84,2
DA:89,1
DA:91,0
DA:93,0
DA:94,0
DA:96,0
DA:97,0
DA:99,0
DA:104,0
DA:112,0
DA:115,0
DA:116,0
DA:117,0
DA:121,1
DA:123,2
DA:124,3
DA:125,1
DA:126,2
DA:127,2
DA:131,1
DA:132,0
DA:133,0
DA:134,0
DA:135,0
DA:136,0
DA:142,0
DA:143,0
DA:144,0
DA:148,1
DA:149,1
DA:150,2
DA:151,1
DA:152,1
DA:157,0
DA:159,0
DA:160,0
DA:161,0
DA:162,0
DA:164,0
DA:165,0
DA:169,0
DA:173,0
DA:174,0
DA:177,0
DA:178,0
DA:179,0
DA:182,0
DA:183,0
DA:184,0
DA:188,0
DA:198,1
DA:200,3
DA:201,4
DA:207,0
DA:208,0
DA:209,0
LF:83
LH:30
end_of_record
SF:lib/features/leads/domain/usecases/validate_lead_data.dart
DA:11,1
DA:13,2
DA:16,2
DA:18,1
DA:19,3
DA:20,1
DA:21,3
DA:23,1
DA:24,1
DA:25,3
DA:26,1
DA:33,1
DA:34,1
DA:38,2
DA:39,3
DA:46,1
DA:47,2
DA:50,2
DA:51,1
DA:56,1
DA:57,2
DA:58,1
DA:68,1
DA:69,1
DA:71,1
DA:75,2
DA:79,2
DA:84,2
DA:88,1
DA:92,1
DA:93,1
DA:94,1
DA:97,1
DA:98,2
DA:99,1
DA:100,4
DA:101,2
DA:106,4
DA:107,2
DA:108,1
DA:109,4
DA:110,2
DA:115,4
DA:116,2
DA:117,1
DA:118,4
DA:119,2
DA:124,4
DA:125,2
DA:126,1
DA:127,0
DA:128,2
DA:133,2
DA:134,1
DA:135,2
DA:139,1
DA:140,3
DA:143,1
LF:58
LH:57
end_of_record
SF:lib/features/leads/domain/usecases/calculate_lead_score.dart
DA:16,0
DA:19,1
DA:24,1
DA:25,1
DA:27,1
DA:28,2
DA:29,1
DA:30,0
DA:31,0
DA:35,1
DA:39,1
DA:40,0
DA:41,0
DA:42,0
DA:43,0
DA:44,0
DA:45,0
DA:47,0
DA:51,1
DA:52,0
DA:53,0
DA:54,0
DA:55,0
DA:56,0
DA:57,0
DA:59,0
DA:64,3
DA:67,1
DA:68,1
DA:69,1
DA:70,1
DA:71,0
DA:72,1
DA:73,0
DA:74,1
DA:75,0
DA:76,1
DA:77,0
DA:78,1
DA:79,0
DA:80,1
DA:81,0
DA:82,1
DA:86,1
DA:91,0
DA:94,1
DA:99,1
DA:100,1
DA:101,0
DA:102,0
DA:106,1
DA:107,4
DA:108,1
DA:109,0
DA:110,0
DA:112,0
DA:117,1
DA:118,2
DA:119,0
DA:120,2
DA:121,0
DA:122,2
DA:123,0
DA:125,1
DA:130,3
DA:132,1
DA:143,1
DA:144,2
DA:147,0
DA:151,1
DA:152,1
DA:154,0
DA:159,1
DA:160,1
DA:161,1
DA:162,1
DA:163,1
DA:168,1
DA:169,2
DA:173,1
DA:175,0
DA:176,0
DA:178,0
DA:181,0
DA:189,0
DA:190,0
LF:86
LH:46
end_of_record
SF:lib/features/leads/domain/usecases/manage_lead_pipeline.dart
DA:50,1
DA:51,1
DA:52,1
DA:56,1
DA:57,1
DA:61,1
DA:63,1
DA:65,1
DA:67,1
DA:69,1
DA:71,1
DA:73,1
DA:75,1
DA:77,1
DA:83,1
DA:85,1
DA:87,1
DA:89,1
DA:91,1
DA:93,1
DA:95,1
DA:97,1
DA:99,0
DA:105,1
DA:107,1
DA:109,1
DA:111,1
DA:113,1
DA:115,0
DA:117,0
DA:119,0
DA:121,0
DA:127,1
DA:131,1
DA:135,1
DA:136,1
DA:137,1
DA:138,0
DA:139,0
DA:140,0
DA:142,2
DA:143,2
DA:144,1
DA:147,1
DA:151,1
DA:152,1
DA:154,2
DA:155,1
DA:158,2
DA:159,5
DA:162,1
DA:163,1
DA:164,4
DA:167,1
DA:171,2
DA:172,2
DA:173,1
LF:57
LH:49
end_of_record
SF:lib/features/leads/presentation/widgets/quick_actions_bar.dart
DA:15,2
DA:22,2
DA:24,2
DA:25,2
DA:26,4
DA:27,2
DA:28,2
DA:29,6
DA:33,2
DA:34,2
DA:35,2
DA:36,2
DA:38,2
DA:39,2
DA:40,2
DA:45,6
DA:47,0
DA:50,2
DA:55,6
DA:57,2
DA:60,2
DA:65,6
DA:67,0
DA:70,2
DA:75,6
DA:77,0
DA:80,2
DA:85,0
DA:88,2
DA:93,0
DA:96,2
DA:101,0
DA:112,2
DA:121,2
DA:123,2
DA:124,3
DA:125,2
DA:126,2
DA:128,2
DA:129,2
DA:131,2
DA:133,2
DA:134,2
DA:137,2
DA:140,2
DA:142,2
DA:145,2
DA:155,1
DA:159,1
DA:161,2
DA:162,2
DA:168,1
DA:169,1
DA:172,1
DA:173,1
DA:174,3
DA:175,2
DA:178,1
DA:180,1
DA:184,1
DA:187,3
DA:189,1
DA:190,3
DA:193,1
DA:194,0
DA:195,0
DA:201,1
DA:203,0
DA:206,1
DA:210,1
DA:218,1
DA:219,1
DA:220,0
DA:223,1
DA:224,0
DA:225,0
DA:230,1
DA:240,0
DA:241,0
DA:242,0
DA:245,0
DA:247,0
DA:248,0
DA:249,0
DA:251,0
DA:254,0
DA:257,0
DA:258,0
DA:259,0
DA:260,0
DA:261,0
DA:265,0
DA:267,0
DA:268,0
DA:269,0
DA:270,0
DA:276,0
DA:279,0
DA:280,0
DA:286,0
DA:288,0
DA:290,0
DA:292,0
DA:293,0
DA:294,0
DA:295,0
DA:298,0
DA:299,0
DA:300,0
DA:309,0
DA:310,0
DA:311,0
DA:312,0
DA:315,0
DA:318,0
DA:321,0
DA:323,0
DA:324,0
DA:325,0
DA:326,0
DA:334,0
DA:335,0
DA:336,0
DA:337,0
DA:340,0
DA:345,0
DA:347,0
DA:348,0
DA:349,0
DA:350,0
DA:357,0
DA:358,0
DA:359,0
DA:360,0
DA:363,0
DA:368,0
DA:370,0
DA:371,0
DA:372,0
DA:373,0
DA:380,0
DA:382,0
DA:384,0
DA:388,0
DA:391,0
DA:392,0
DA:394,0
DA:398,0
DA:400,0
LF:149
LH:65
end_of_record
SF:lib/features/leads/presentation/widgets/lead_status_actions.dart
DA:50,0
DA:55,0
DA:56,0
DA:63,0
DA:65,0
DA:66,0
DA:69,0
DA:72,0
DA:73,0
DA:75,0
DA:77,0
DA:78,0
DA:79,0
DA:81,0
DA:87,0
DA:88,0
DA:90,0
DA:91,0
DA:92,0
DA:93,0
DA:95,0
DA:101,0
DA:102,0
DA:104,0
DA:105,0
DA:110,0
DA:113,0
DA:116,0
DA:117,0
DA:120,0
DA:121,0
DA:122,0
DA:123,0
DA:129,0
DA:130,0
DA:131,0
DA:132,0
DA:140,0
DA:141,0
DA:142,0
DA:143,0
DA:144,0
DA:145,0
DA:147,0
DA:153,0
DA:154,0
DA:156,0
DA:157,0
DA:158,0
DA:164,0
DA:167,0
DA:173,0
DA:176,0
DA:178,0
DA:180,0
DA:182,0
DA:183,0
DA:184,0
DA:185,0
DA:187,0
DA:188,0
DA:189,0
DA:191,0
DA:192,0
DA:200,0
DA:201,0
DA:202,0
DA:205,0
DA:206,0
DA:207,0
DA:208,0
DA:209,0
DA:212,0
DA:223,0
DA:225,0
DA:227,0
DA:228,0
DA:229,0
DA:230,0
DA:236,0
DA:239,0
DA:245,0
DA:252,0
DA:254,0
DA:255,0
DA:258,0
DA:259,0
DA:260,0
DA:266,0
DA:269,0
DA:271,0
DA:273,0
DA:275,0
DA:276,0
DA:277,0
DA:278,0
DA:280,0
DA:281,0
DA:282,0
DA:284,0
DA:285,0
DA:293,0
DA:294,0
DA:295,0
DA:298,0
DA:299,0
DA:300,0
DA:301,0
DA:302,0
DA:303,0
DA:304,0
DA:307,0
DA:319,0
DA:322,0
DA:325,0
DA:327,0
DA:329,0
DA:330,0
DA:331,0
DA:332,0
DA:333,0
DA:338,0
DA:339,0
DA:340,0
DA:344,0
DA:345,0
DA:347,0
DA:349,0
DA:351,0
DA:352,0
DA:353,0
DA:356,0
DA:357,0
DA:358,0
DA:359,0
DA:361,0
DA:362,0
DA:363,0
DA:365,0
DA:366,0
DA:367,0
DA:372,0
DA:374,0
DA:375,0
DA:377,0
DA:378,0
DA:382,0
DA:383,0
DA:384,0
DA:385,0
DA:394,0
DA:396,0
DA:410,0
DA:412,0
DA:413,0
DA:415,0
DA:416,0
DA:417,0
DA:419,0
DA:424,0
DA:426,0
DA:427,0
DA:435,0
DA:436,0
DA:440,0
DA:447,0
DA:450,0
DA:454,0
DA:455,0
DA:456,0
DA:458,0
DA:459,0
DA:460,0
DA:461,0
DA:465,0
DA:470,0
DA:471,0
DA:475,0
DA:491,0
DA:492,0
DA:494,0
DA:495,0
DA:496,0
DA:499,0
DA:503,0
DA:504,0
DA:505,0
DA:506,0
DA:509,0
DA:510,0
DA:511,0
DA:514,0
DA:515,0
DA:516,0
DA:519,0
DA:520,0
DA:521,0
DA:529,0
DA:530,0
DA:531,0
DA:532,0
DA:534,0
DA:536,0
DA:537,0
DA:538,0
DA:539,0
DA:540,0
DA:544,0
DA:545,0
DA:551,0
DA:552,0
DA:559,0
DA:560,0
DA:561,0
DA:562,0
DA:565,0
DA:571,0
DA:572,0
DA:578,0
DA:586,0
DA:587,0
DA:588,0
DA:589,0
DA:590,0
DA:592,0
DA:594,0
DA:595,0
DA:596,0
DA:597,0
DA:601,0
DA:603,0
DA:604,0
DA:610,0
DA:612,0
DA:625,0
DA:627,0
DA:629,0
DA:631,0
DA:633,0
DA:635,0
DA:637,0
DA:639,0
DA:641,0
DA:646,0
DA:648,0
DA:650,0
DA:652,0
DA:654,0
DA:656,0
DA:658,0
DA:660,0
DA:662,0
DA:667,0
DA:669,0
DA:671,0
DA:673,0
DA:675,0
DA:677,0
DA:679,0
DA:681,0
DA:683,0
LF:261
LH:0
end_of_record
SF:lib/core/patterns/command.dart
DA:14,0
DA:15,0
DA:19,0
DA:31,0
DA:33,0
DA:34,0
DA:39,0
DA:46,0
DA:47,0
DA:51,0
DA:59,0
DA:64,0
DA:65,0
DA:67,0
DA:69,0
DA:71,0
DA:72,0
DA:73,0
DA:75,0
DA:76,0
DA:77,0
DA:80,0
DA:81,0
DA:82,0
DA:85,0
DA:86,0
DA:87,0
DA:91,0
DA:94,0
DA:97,0
DA:98,0
DA:99,0
DA:100,0
LF:33
LH:0
end_of_record
SF:lib/core/patterns/command_bus.dart
DA:16,0
DA:19,0
DA:20,0
DA:22,0
DA:24,0
DA:25,0
DA:26,0
DA:30,0
DA:37,0
DA:38,0
DA:39,0
DA:42,0
DA:43,0
DA:44,0
DA:47,0
DA:48,0
DA:49,0
DA:56,0
DA:57,0
DA:58,0
DA:61,0
DA:62,0
DA:64,0
DA:65,0
DA:68,0
DA:69,0
DA:70,0
DA:75,0
DA:78,0
DA:81,0
DA:84,0
DA:85,0
DA:88,0
DA:89,0
DA:90,0
DA:95,0
DA:96,0
DA:103,0
DA:105,0
DA:106,0
DA:107,0
DA:111,0
DA:112,0
DA:113,0
DA:116,0
DA:117,0
DA:118,0
DA:121,0
DA:122,0
DA:123,0
DA:124,0
DA:125,0
DA:136,0
DA:144,0
DA:145,0
DA:146,0
DA:147,0
LF:57
LH:0
end_of_record
SF:lib/features/leads/data/datasources/email_templates_remote_datasource.dart
DA:7,0
DA:8,0
DA:9,0
DA:14,0
DA:20,0
DA:22,0
DA:24,0
DA:26,0
DA:29,0
DA:30,0
DA:32,0
DA:36,0
DA:38,0
DA:39,0
DA:41,0
DA:45,0
DA:47,0
DA:49,0
DA:50,0
DA:51,0
DA:52,0
DA:53,0
DA:57,0
DA:59,0
DA:60,0
DA:62,0
DA:66,0
DA:68,0
DA:69,0
DA:70,0
DA:71,0
DA:72,0
DA:73,0
DA:74,0
DA:78,0
DA:80,0
DA:81,0
DA:83,0
DA:87,0
DA:89,0
DA:91,0
DA:95,0
DA:97,0
DA:98,0
DA:100,0
LF:45
LH:0
end_of_record
SF:lib/features/leads/presentation/widgets/email_template_dialog.dart
DA:11,0
DA:16,0
DA:17,0
DA:25,0
DA:27,0
DA:28,0
DA:31,0
DA:33,0
DA:35,0
DA:37,0
DA:38,0
DA:40,0
DA:43,0
DA:44,0
DA:45,0
DA:48,0
DA:50,0
DA:51,0
DA:58,0
DA:60,0
DA:66,0
DA:67,0
DA:68,0
DA:75,0
DA:77,0
DA:78,0
DA:79,0
DA:81,0
DA:82,0
DA:83,0
DA:85,0
DA:86,0
DA:87,0
DA:88,0
DA:89,0
DA:100,0
DA:101,0
DA:102,0
DA:106,0
DA:107,0
DA:109,0
DA:110,0
DA:111,0
DA:113,0
DA:114,0
DA:118,0
DA:122,0
DA:123,0
DA:126,0
DA:127,0
DA:136,0
DA:138,0
DA:141,0
DA:146,0
DA:148,0
DA:149,0
DA:150,0
DA:152,0
DA:153,0
DA:154,0
DA:155,0
DA:157,0
DA:158,0
DA:159,0
DA:160,0
DA:161,0
DA:164,0
DA:165,0
DA:167,0
DA:169,0
DA:170,0
DA:171,0
DA:172,0
DA:175,0
DA:179,0
DA:180,0
DA:181,0
DA:188,0
DA:191,0
DA:192,0
DA:194,0
DA:195,0
DA:196,0
DA:202,0
DA:204,0
DA:205,0
DA:206,0
DA:208,0
DA:229,0
DA:231,0
DA:232,0
DA:233,0
DA:234,0
DA:236,0
DA:240,0
DA:241,0
DA:242,0
DA:246,0
DA:247,0
DA:268,0
DA:269,0
DA:271,0
DA:272,0
DA:273,0
DA:274,0
DA:275,0
DA:278,0
DA:280,0
DA:295,0
DA:297,0
DA:299,0
DA:308,0
DA:309,0
DA:313,0
DA:314,0
DA:317,0
DA:318,0
DA:321,0
DA:324,0
DA:331,0
DA:332,0
DA:333,0
DA:335,0
DA:337,0
DA:347,0
DA:348,0
DA:349,0
DA:350,0
DA:358,0
DA:361,0
DA:362,0
DA:363,0
DA:364,0
DA:365,0
DA:366,0
DA:367,0
DA:368,0
DA:372,0
DA:373,0
DA:374,0
DA:375,0
DA:379,0
DA:380,0
DA:381,0
DA:382,0
DA:383,0
DA:384,0
DA:388,0
DA:389,0
DA:390,0
DA:394,0
DA:395,0
DA:396,0
DA:397,0
DA:402,0
DA:404,0
DA:407,0
DA:409,0
DA:412,0
DA:413,0
DA:417,0
DA:418,0
DA:421,0
DA:423,0
DA:429,0
DA:432,0
DA:433,0
DA:440,0
DA:441,0
DA:444,0
DA:445,0
DA:446,0
DA:447,0
DA:450,0
DA:451,0
DA:452,0
DA:455,0
DA:456,0
DA:459,0
DA:460,0
DA:464,0
DA:465,0
DA:469,0
DA:470,0
DA:474,0
DA:475,0
DA:479,0
DA:480,0
DA:484,0
DA:485,0
DA:489,0
DA:490,0
DA:494,0
DA:495,0
DA:498,0
DA:502,0
DA:505,0
DA:506,0
DA:509,0
DA:510,0
DA:513,0
DA:514,0
DA:515,0
DA:518,0
DA:519,0
DA:520,0
DA:523,0
DA:524,0
DA:525,0
DA:528,0
DA:529,0
DA:530,0
DA:533,0
DA:537,0
DA:540,0
DA:541,0
DA:542,0
DA:543,0
DA:557,2
DA:567,4
DA:568,2
DA:569,2
DA:570,2
DA:571,2
DA:572,2
DA:573,4
DA:574,4
DA:577,4
DA:578,2
DA:579,2
DA:580,2
DA:581,2
DA:582,2
DA:583,4
DA:584,4
DA:587,0
DA:588,0
DA:589,0
DA:590,0
DA:591,0
DA:592,0
DA:593,0
DA:594,0
LF:243
LH:17
end_of_record
SF:lib/features/leads/domain/commands/batch_update_status_command.dart
DA:17,0
DA:23,0
DA:24,0
DA:26,0
DA:29,0
DA:32,0
DA:33,0
DA:35,0
DA:36,0
DA:37,0
DA:43,0
DA:46,0
DA:47,0
DA:49,0
DA:50,0
DA:51,0
DA:55,0
DA:56,0
DA:59,0
DA:61,0
DA:69,0
DA:71,0
DA:72,0
DA:77,0
DA:78,0
DA:80,0
DA:81,0
DA:82,0
DA:86,0
DA:87,0
DA:93,0
LF:31
LH:0
end_of_record
SF:lib/features/leads/domain/commands/delete_lead_command.dart
DA:14,0
DA:19,0
DA:22,0
DA:26,0
DA:28,0
DA:29,0
DA:30,0
DA:33,0
LF:8
LH:0
end_of_record
SF:lib/features/leads/domain/commands/update_lead_command.dart
DA:17,0
DA:23,0
DA:24,0
DA:26,0
DA:30,0
DA:31,0
DA:32,0
DA:33,0
DA:37,0
DA:40,0
DA:42,0
DA:43,0
DA:44,0
DA:47,0
DA:55,0
DA:57,0
DA:58,0
DA:62,0
DA:63,0
DA:64,0
DA:65,0
DA:68,0
DA:76,0
DA:77,0
DA:78,0
DA:79,0
DA:80,0
DA:81,0
DA:82,0
DA:83,0
DA:84,0
DA:85,0
DA:86,0
DA:87,0
LF:34
LH:0
end_of_record
SF:lib/features/leads/domain/usecases/generate_sales_pitch.dart
DA:16,0
DA:19,0
DA:21,0
DA:22,0
DA:36,0
DA:37,0
DA:38,0
DA:42,0
DA:50,0
DA:62,0
DA:67,0
DA:70,0
DA:72,0
DA:73,0
DA:74,0
DA:76,0
DA:91,0
DA:92,0
DA:106,0
DA:118,0
DA:129,0
DA:133,0
DA:136,0
DA:140,0
DA:141,0
DA:143,0
DA:148,0
DA:149,0
DA:150,0
DA:154,0
DA:162,0
DA:163,0
DA:167,0
DA:168,0
LF:34
LH:0
end_of_record
SF:lib/features/leads/domain/usecases/schedule_callback.dart
DA:13,0
DA:18,0
DA:19,0
DA:22,0
DA:23,0
DA:24,0
DA:25,0
DA:26,0
DA:27,0
DA:33,0
DA:34,0
DA:35,0
DA:36,0
DA:37,0
DA:41,0
DA:43,0
DA:47,0
DA:48,0
DA:49,0
DA:50,0
DA:58,0
DA:59,0
DA:60,0
DA:63,0
DA:64,0
DA:65,0
DA:72,0
DA:73,0
DA:74,0
DA:76,0
DA:80,0
DA:85,0
DA:86,0
DA:91,0
DA:93,0
DA:94,0
DA:100,0
DA:101,0
DA:103,0
DA:108,0
DA:112,0
DA:115,0
DA:116,0
DA:117,0
DA:118,0
DA:121,0
DA:124,0
DA:132,0
LF:48
LH:0
end_of_record
SF:lib/features/leads/presentation/providers/command_provider.dart
DA:15,0
DA:16,0
DA:20,0
DA:21,0
DA:22,0
DA:24,0
DA:25,0
DA:31,0
DA:36,0
DA:37,0
DA:38,0
DA:40,0
DA:41,0
DA:46,0
DA:51,0
DA:52,0
DA:53,0
DA:55,0
DA:56,0
DA:62,0
DA:67,0
DA:68,0
DA:70,0
DA:71,0
DA:76,0
DA:77,0
DA:79,0
DA:80,0
DA:85,0
DA:86,0
DA:87,0
DA:91,0
DA:92,0
DA:93,0
DA:97,0
DA:98,0
DA:99,0
LF:37
LH:0
end_of_record
SF:lib/features/leads/presentation/providers/email_templates_api_provider.dart
DA:6,0
DA:7,0
DA:8,0
DA:14,0
DA:15,0
DA:18,0
DA:19,0
DA:22,0
DA:25,0
DA:26,0
DA:28,0
DA:32,0
DA:34,0
DA:37,0
DA:38,0
DA:46,0
DA:48,0
DA:51,0
DA:52,0
DA:53,0
DA:62,0
DA:64,0
DA:67,0
DA:68,0
DA:69,0
DA:78,0
DA:79,0
LF:27
LH:0
end_of_record
SF:lib/features/leads/presentation/providers/email_templates_provider.dart
DA:8,0
DA:9,0
DA:10,0
DA:11,0
DA:12,0
DA:17,8
DA:18,2
DA:24,6
DA:25,2
DA:26,2
DA:29,2
DA:30,2
DA:31,2
DA:34,2
DA:35,10
DA:39,2
DA:40,2
DA:41,2
DA:43,3
DA:45,1
DA:46,1
DA:47,3
DA:62,1
DA:63,1
DA:65,1
DA:66,4
DA:85,1
DA:86,1
DA:88,1
DA:89,4
DA:109,1
DA:110,1
DA:112,1
DA:113,4
DA:128,1
DA:129,1
DA:133,2
DA:134,1
DA:137,1
DA:141,2
DA:142,2
DA:143,12
DA:144,2
DA:147,2
DA:148,8
DA:149,2
DA:152,2
DA:153,16
DA:154,2
DA:157,2
DA:158,14
DA:159,2
DA:162,0
DA:163,0
DA:164,0
DA:166,0
DA:167,0
DA:168,0
DA:169,0
DA:170,0
LF:60
LH:47
end_of_record
SF:lib/features/leads/presentation/providers/sales_pitch_provider.dart
DA:15,1
DA:25,2
DA:26,1
DA:27,1
DA:28,1
DA:29,1
DA:30,1
DA:31,2
DA:32,2
DA:35,0
DA:36,0
DA:37,0
DA:38,0
DA:39,0
DA:40,0
DA:41,0
DA:42,0
DA:43,0
DA:47,0
DA:56,0
DA:57,0
DA:58,0
DA:59,0
DA:60,0
DA:61,0
DA:62,0
DA:63,0
DA:69,3
DA:70,0
DA:76,3
DA:77,1
DA:80,1
DA:81,1
DA:82,1
DA:85,0
DA:86,0
DA:89,1
DA:93,1
DA:94,1
DA:95,1
DA:96,3
DA:107,1
DA:108,1
DA:110,1
DA:111,4
DA:123,1
DA:124,1
DA:126,1
DA:127,4
DA:139,1
DA:140,1
DA:144,1
DA:145,1
DA:148,1
DA:149,1
DA:150,6
DA:151,1
DA:154,0
DA:155,0
DA:156,0
DA:159,0
DA:160,0
DA:161,0
DA:165,0
DA:166,0
DA:169,0
DA:170,0
DA:173,0
DA:175,0
DA:177,0
DA:178,0
DA:181,0
DA:182,0
DA:183,0
DA:184,0
DA:187,0
DA:190,0
DA:193,0
DA:194,0
DA:195,0
DA:196,0
DA:197,0
DA:200,0
DA:202,0
DA:204,0
LF:85
LH:36
end_of_record
SF:lib/features/leads/presentation/providers/use_case_providers.dart
DA:15,0
DA:16,0
DA:20,0
DA:21,0
DA:25,0
DA:26,0
DA:30,0
DA:31,0
DA:35,0
DA:36,0
DA:40,0
DA:41,0
DA:42,0
DA:44,0
DA:45,0
DA:46,0
DA:51,0
DA:52,0
DA:53,0
DA:56,0
DA:60,0
DA:61,0
DA:62,0
DA:65,0
DA:69,0
DA:70,0
DA:72,0
DA:73,0
DA:78,0
DA:79,0
DA:81,0
DA:82,0
DA:87,0
DA:88,0
DA:90,0
DA:91,0
DA:96,0
DA:97,0
DA:98,0
DA:102,0
DA:103,0
DA:105,0
DA:106,0
DA:111,0
DA:112,0
DA:113,0
DA:117,0
DA:118,0
DA:120,0
DA:121,0
LF:50
LH:0
end_of_record
SF:lib/features/leads/presentation/services/unified_call_service.dart
DA:11,0
DA:18,0
DA:20,0
DA:23,0
DA:35,0
DA:36,0
DA:39,0
DA:40,0
DA:44,0
DA:46,0
DA:47,0
DA:50,0
DA:59,0
DA:60,0
DA:61,0
DA:65,0
DA:68,0
DA:72,0
DA:78,0
DA:81,0
DA:82,0
DA:83,0
DA:84,0
DA:91,0
DA:92,0
DA:93,0
DA:94,0
DA:102,0
DA:107,0
DA:109,0
DA:110,0
DA:111,0
DA:121,0
DA:124,0
DA:125,0
DA:127,0
DA:128,0
DA:130,0
DA:132,0
DA:134,0
DA:136,0
DA:138,0
DA:140,0
DA:141,0
DA:142,0
DA:143,0
DA:144,0
DA:152,0
DA:154,0
DA:155,0
DA:156,0
DA:163,0
DA:164,0
DA:166,0
DA:176,0
DA:177,0
DA:178,0
DA:179,0
DA:189,0
DA:191,0
DA:192,0
DA:193,0
DA:194,0
DA:195,0
DA:223,0
DA:224,0
DA:227,0
DA:228,0
DA:229,0
DA:230,0
DA:231,0
DA:233,0
DA:234,0
DA:235,0
DA:236,0
DA:238,0
DA:240,0
DA:241,0
DA:242,0
DA:246,0
DA:248,0
DA:250,0
DA:251,0
DA:252,0
DA:253,0
DA:254,0
DA:267,0
DA:268,0
DA:269,0
DA:270,0
DA:271,0
DA:272,0
DA:280,0
DA:282,0
DA:283,0
DA:285,0
DA:286,0
DA:291,0
DA:294,0
DA:309,0
DA:318,0
DA:320,0
DA:321,0
DA:322,0
DA:323,0
DA:325,0
LF:106
LH:0
end_of_record
SF:lib/features/leads/presentation/widgets/call_tracking_dialog.dart
DA:17,0
DA:25,0
DA:26,0
DA:43,0
DA:45,0
DA:48,0
DA:50,0
DA:51,0
DA:52,0
DA:55,0
DA:57,0
DA:60,0
DA:62,0
DA:63,0
DA:65,0
DA:66,0
DA:73,0
DA:74,0
DA:78,0
DA:81,0
DA:82,0
DA:83,0
DA:84,0
DA:85,0
DA:90,0
DA:92,0
DA:93,0
DA:94,0
DA:95,0
DA:96,0
DA:97,0
DA:98,0
DA:103,0
DA:104,0
DA:105,0
DA:106,0
DA:107,0
DA:112,0
DA:115,0
DA:118,0
DA:119,0
DA:120,0
DA:121,0
DA:122,0
DA:123,0
DA:127,0
DA:129,0
DA:131,0
DA:133,0
DA:134,0
DA:135,0
DA:143,0
DA:144,0
DA:145,0
DA:146,0
DA:154,0
DA:156,0
DA:157,0
DA:159,0
DA:161,0
DA:163,0
DA:165,0
DA:167,0
DA:169,0
DA:170,0
DA:171,0
DA:172,0
DA:173,0
DA:181,0
DA:182,0
DA:185,0
DA:187,0
DA:192,0
DA:193,0
DA:194,0
DA:196,0
DA:206,0
DA:207,0
DA:209,0
DA:211,0
DA:213,0
DA:216,0
DA:218,0
DA:219,0
DA:232,0
DA:237,0
DA:238,0
DA:239,0
DA:241,0
DA:242,0
DA:244,0
DA:246,0
DA:248,0
DA:249,0
DA:251,0
DA:252,0
DA:253,0
DA:254,0
DA:256,0
DA:257,0
DA:258,0
DA:260,0
DA:261,0
DA:271,0
DA:273,0
DA:274,0
DA:276,0
DA:278,0
DA:280,0
DA:282,0
DA:283,0
DA:284,0
DA:285,0
DA:287,0
DA:288,0
DA:289,0
DA:291,0
DA:292,0
DA:301,0
DA:302,0
DA:303,0
DA:304,0
DA:306,0
DA:307,0
DA:308,0
DA:310,0
DA:311,0
DA:313,0
DA:314,0
DA:315,0
DA:317,0
DA:319,0
DA:320,0
DA:322,0
DA:323,0
DA:324,0
DA:327,0
DA:340,0
DA:342,0
DA:344,0
DA:345,0
DA:346,0
DA:350,0
DA:351,0
DA:352,0
DA:367,0
DA:368,0
DA:369,0
DA:371,0
DA:372,0
DA:389,0
DA:392,0
DA:395,0
DA:399,0
DA:402,0
DA:405,0
DA:406,0
DA:407,0
DA:410,0
DA:411,0
DA:412,0
DA:413,0
DA:417,0
DA:419,0
DA:420,0
DA:421,0
DA:426,0
DA:428,0
DA:429,0
DA:445,0
DA:448,0
DA:449,0
DA:450,0
DA:452,0
DA:456,0
DA:457,0
DA:460,0
DA:461,0
DA:462,0
DA:463,0
DA:467,0
DA:469,0
DA:471,0
DA:473,0
DA:474,0
DA:480,0
DA:481,0
DA:488,0
DA:489,0
DA:491,0
DA:492,0
DA:494,0
DA:498,0
DA:502,0
DA:503,0
DA:513,0
DA:519,0
DA:520,0
DA:521,0
DA:522,0
DA:524,0
DA:525,0
DA:540,0
DA:542,0
DA:544,0
DA:546,0
DA:548,0
DA:549,0
DA:550,0
DA:551,0
DA:552,0
DA:555,0
DA:556,0
DA:557,0
DA:558,0
DA:571,0
DA:573,0
DA:574,0
DA:575,0
DA:577,0
DA:578,0
DA:579,0
DA:580,0
DA:581,0
DA:582,0
DA:583,0
DA:584,0
DA:585,0
DA:588,0
DA:589,0
DA:590,0
DA:595,0
DA:597,0
DA:598,0
DA:606,0
DA:607,0
DA:608,0
DA:609,0
DA:610,0
DA:611,0
DA:612,0
DA:613,0
DA:616,0
DA:617,0
DA:618,0
DA:623,0
DA:625,0
DA:626,0
LF:248
LH:0
end_of_record
SF:lib/features/leads/presentation/providers/automation_form_provider.dart
DA:28,1
DA:51,1
DA:73,1
DA:74,0
DA:75,0
DA:76,0
DA:77,1
DA:78,0
DA:79,0
DA:80,0
DA:81,0
DA:82,1
DA:83,1
DA:84,1
DA:85,1
DA:86,1
DA:87,1
DA:88,1
DA:89,0
DA:90,1
DA:91,1
DA:92,1
DA:93,1
DA:97,0
DA:98,0
DA:101,0
DA:102,0
DA:103,0
DA:104,0
DA:109,0
DA:110,0
DA:111,0
DA:112,0
DA:113,0
DA:116,0
DA:117,0
DA:118,0
DA:120,0
DA:121,0
DA:123,0
DA:125,0
DA:126,0
DA:127,0
DA:128,0
DA:129,0
DA:130,0
DA:131,0
DA:132,0
DA:133,0
DA:134,0
DA:135,0
DA:136,0
DA:137,0
DA:138,0
DA:146,3
DA:147,1
DA:150,1
DA:151,3
DA:152,3
DA:153,2
DA:155,2
DA:156,2
DA:157,2
DA:158,2
DA:159,2
DA:160,2
DA:164,0
DA:165,0
DA:166,0
DA:167,0
DA:168,0
DA:169,0
DA:170,0
DA:171,0
DA:174,0
DA:176,0
DA:177,0
DA:180,0
DA:184,0
DA:186,0
DA:189,0
DA:192,0
DA:193,0
DA:194,0
DA:197,0
DA:198,0
DA:199,0
DA:202,0
DA:203,0
DA:204,0
DA:207,0
DA:208,0
DA:209,0
DA:212,0
DA:213,0
DA:214,0
DA:217,0
DA:218,0
DA:221,0
DA:222,0
DA:225,0
DA:226,0
DA:229,0
DA:230,0
DA:233,0
DA:234,0
DA:237,0
DA:238,0
DA:241,0
DA:242,0
DA:245,0
DA:246,0
DA:249,0
DA:250,0
DA:253,0
DA:254,0
DA:255,0
DA:256,0
DA:259,0
DA:260,0
DA:261,0
DA:262,0
DA:263,0
DA:264,0
DA:268,0
DA:269,0
DA:270,0
DA:271,0
DA:272,0
DA:275,0
DA:276,0
DA:277,0
DA:280,0
DA:281,0
DA:282,0
DA:286,0
DA:289,0
DA:290,0
DA:294,0
DA:297,0
DA:298,0
DA:299,0
DA:300,0
DA:301,0
DA:302,0
DA:306,0
DA:307,0
DA:308,0
DA:309,0
DA:310,0
DA:313,0
DA:314,0
DA:315,0
DA:318,0
DA:319,0
DA:320,0
DA:323,0
DA:324,0
DA:325,0
DA:329,2
DA:330,1
DA:331,0
LF:162
LH:29
end_of_record
SF:lib/features/leads/presentation/pages/lead_search_page.dart
DA:13,1
DA:15,1
DA:16,1
DA:62,1
DA:64,1
DA:65,3
DA:66,3
DA:67,3
DA:68,4
DA:69,1
DA:70,0
DA:75,1
DA:77,2
DA:78,2
DA:79,2
DA:80,1
DA:83,1
DA:85,3
DA:86,4
DA:87,3
DA:88,4
DA:90,1
DA:92,1
DA:93,1
DA:94,1
DA:95,0
DA:97,0
DA:98,0
DA:102,1
DA:103,1
DA:105,1
DA:106,1
DA:108,1
DA:111,1
DA:112,1
DA:123,1
DA:125,1
DA:126,1
DA:127,1
DA:128,1
DA:129,1
DA:145,1
DA:146,1
DA:147,1
DA:148,1
DA:150,1
DA:151,1
DA:153,1
DA:154,1
DA:155,1
DA:156,1
DA:157,1
DA:158,1
DA:163,1
DA:164,1
DA:165,1
DA:168,1
DA:169,1
DA:170,1
DA:171,1
DA:173,1
DA:174,1
DA:175,1
DA:184,1
DA:185,1
DA:187,1
DA:196,1
DA:198,1
DA:200,1
DA:213,1
DA:214,1
DA:215,1
DA:216,1
DA:217,1
DA:218,1
DA:223,1
DA:224,1
DA:225,1
DA:228,1
DA:229,1
DA:231,1
DA:232,1
DA:233,1
DA:234,1
DA:236,1
DA:237,1
DA:238,1
DA:258,1
DA:260,1
DA:261,1
DA:263,1
DA:264,1
DA:265,1
DA:266,1
DA:267,1
DA:268,1
DA:270,1
DA:271,1
DA:278,3
DA:279,1
DA:281,1
DA:282,1
DA:283,1
DA:284,2
DA:298,1
DA:299,1
DA:300,1
DA:301,0
DA:303,0
DA:304,0
DA:311,1
DA:312,0
DA:313,0
DA:325,1
DA:328,3
DA:329,1
DA:330,1
DA:331,2
DA:332,1
DA:333,1
DA:335,1
DA:337,1
DA:349,1
DA:352,1
DA:354,0
DA:355,0
DA:357,0
DA:359,0
DA:363,0
DA:365,0
DA:370,1
DA:374,1
DA:376,0
DA:377,0
DA:379,0
DA:381,0
DA:383,0
DA:385,0
DA:386,0
DA:387,0
DA:389,0
DA:390,0
DA:391,0
DA:394,0
DA:395,0
DA:396,0
DA:400,0
DA:401,0
DA:402,0
DA:407,0
DA:408,0
DA:409,0
DA:422,1
DA:423,1
DA:424,1
DA:425,1
DA:426,1
DA:427,1
DA:432,1
DA:433,1
DA:434,1
DA:437,1
DA:438,1
DA:440,1
DA:441,1
DA:442,1
DA:443,1
DA:445,1
DA:446,1
DA:447,1
DA:469,1
DA:470,1
DA:471,1
DA:472,1
DA:473,1
DA:474,1
DA:479,1
DA:480,1
DA:481,1
DA:489,1
DA:490,1
DA:492,1
DA:494,2
DA:496,2
DA:499,2
DA:500,1
DA:501,1
DA:502,2
DA:504,1
DA:505,1
DA:506,2
DA:509,1
DA:510,1
DA:511,1
DA:516,0
DA:517,0
DA:520,0
DA:521,0
DA:526,0
DA:527,0
DA:529,0
DA:538,1
DA:540,1
DA:542,1
DA:543,1
DA:546,1
DA:547,1
DA:550,1
DA:551,0
DA:552,1
DA:553,1
DA:554,1
DA:559,1
DA:562,1
DA:563,1
DA:565,1
DA:566,1
DA:567,1
DA:570,1
DA:572,1
DA:581,1
DA:583,1
DA:585,1
DA:593,1
DA:594,1
DA:597,1
DA:598,1
DA:600,1
DA:602,1
DA:613,1
DA:616,1
DA:617,1
DA:619,1
DA:634,1
DA:635,1
DA:636,1
DA:637,1
DA:638,3
DA:641,1
DA:643,1
DA:644,1
DA:648,2
DA:649,0
DA:650,0
DA:656,1
DA:657,1
DA:658,1
DA:659,1
DA:660,2
DA:663,1
DA:665,1
DA:666,2
DA:670,2
DA:671,0
DA:672,0
DA:679,1
DA:681,1
DA:693,1
DA:695,1
DA:697,1
DA:701,1
DA:719,1
DA:720,0
DA:721,0
DA:723,1
DA:729,1
DA:730,1
DA:733,1
DA:734,1
DA:736,1
DA:738,1
DA:750,1
DA:752,1
DA:764,1
DA:766,1
DA:768,1
DA:772,1
DA:774,1
DA:775,1
DA:776,2
DA:777,1
DA:797,1
DA:798,1
DA:799,1
DA:800,1
DA:802,1
DA:805,1
DA:806,1
DA:809,2
DA:810,0
DA:811,0
DA:812,0
DA:817,1
DA:818,1
DA:820,1
DA:822,1
DA:834,1
DA:836,1
DA:848,1
DA:850,1
DA:852,1
DA:856,1
DA:857,1
DA:858,1
DA:859,1
DA:861,1
DA:864,1
DA:865,1
DA:868,1
DA:869,0
DA:870,0
DA:871,0
DA:876,1
DA:877,1
DA:879,1
DA:881,1
DA:893,1
DA:895,1
DA:907,1
DA:909,1
DA:911,1
DA:915,1
DA:916,1
DA:917,1
DA:918,1
DA:920,1
DA:923,1
DA:924,1
DA:927,1
DA:928,0
DA:929,0
DA:930,0
DA:935,1
DA:936,1
DA:938,1
DA:940,1
DA:958,1
DA:959,0
DA:960,0
DA:961,0
DA:962,0
DA:963,0
DA:967,0
DA:968,0
DA:969,0
DA:970,0
DA:971,0
DA:972,0
DA:976,1
DA:977,0
DA:979,0
DA:980,0
DA:981,0
DA:982,0
DA:984,0
DA:985,0
DA:986,0
DA:988,0
DA:989,0
DA:990,0
DA:991,0
DA:999,1
DA:1000,1
DA:1002,0
DA:1003,0
DA:1005,0
DA:1006,0
DA:1016,0
DA:1017,0
DA:1027,0
DA:1028,0
DA:1039,0
DA:1040,0
DA:1041,0
DA:1042,0
DA:1043,0
DA:1044,0
DA:1045,0
DA:1046,0
DA:1047,0
DA:1048,0
DA:1049,0
DA:1051,0
DA:1054,0
DA:1056,0
DA:1057,0
DA:1059,0
DA:1063,1
DA:1066,1
DA:1068,1
DA:1069,1
LF:391
LH:286
end_of_record
SF:lib/features/leads/data/datasources/cities_datasource.dart
DA:12,0
DA:14,0
DA:17,0
DA:18,0
DA:20,0
DA:24,0
DA:26,0
DA:30,0
DA:32,0
DA:36,0
DA:37,0
DA:40,0
DA:48,0
DA:50,0
DA:53,0
DA:54,0
DA:58,0
DA:59,0
DA:62,0
DA:64,0
DA:65,0
DA:66,0
DA:70,0
DA:71,0
DA:72,0
DA:73,0
DA:74,0
DA:75,0
DA:76,0
DA:78,0
DA:79,0
DA:84,0
DA:87,0
DA:94,0
DA:102,0
DA:104,0
DA:105,0
DA:112,0
DA:113,0
DA:114,0
DA:116,0
DA:117,0
DA:118,0
DA:119,0
DA:120,0
DA:124,0
DA:125,0
DA:126,0
DA:134,0
DA:142,0
DA:143,0
DA:158,0
DA:161,0
DA:163,0
DA:178,0
LF:55
LH:0
end_of_record
SF:lib/features/leads/presentation/widgets/multi_city_input.dart
DA:9,1
DA:11,1
DA:12,1
DA:20,1
DA:22,1
DA:24,2
DA:25,0
DA:43,1
DA:45,2
DA:46,2
DA:47,1
DA:50,0
DA:51,0
DA:52,0
DA:55,0
DA:60,0
DA:61,0
DA:62,0
DA:67,0
DA:68,0
DA:69,0
DA:74,0
DA:76,0
DA:77,0
DA:78,0
DA:79,0
DA:82,0
DA:83,0
DA:84,0
DA:85,0
DA:92,0
DA:93,0
DA:94,0
DA:95,0
DA:102,0
DA:103,0
DA:104,0
DA:105,0
DA:111,0
DA:112,0
DA:117,0
DA:118,0
DA:119,0
DA:120,0
DA:121,0
DA:127,0
DA:129,0
DA:131,0
DA:132,0
DA:133,0
DA:134,0
DA:135,0
DA:139,0
DA:140,0
DA:141,0
DA:152,1
DA:154,3
DA:155,4
DA:157,1
DA:159,1
DA:160,1
DA:161,1
DA:162,1
DA:164,1
DA:165,1
DA:166,1
DA:184,1
DA:186,1
DA:187,1
DA:188,1
DA:189,2
DA:191,1
DA:192,3
DA:202,1
DA:203,2
DA:204,1
DA:214,1
DA:215,1
DA:218,1
DA:222,2
DA:223,0
DA:224,0
DA:235,1
DA:236,1
DA:238,1
DA:239,1
DA:240,2
DA:243,2
DA:246,1
DA:247,1
DA:249,2
DA:250,0
DA:252,0
DA:255,0
DA:256,0
DA:258,0
DA:259,0
DA:260,0
DA:261,0
DA:262,0
DA:266,0
DA:268,0
DA:269,0
DA:270,0
DA:280,0
DA:282,0
DA:283,0
DA:284,0
DA:285,0
DA:287,0
DA:290,0
DA:299,0
DA:304,1
DA:305,0
DA:306,0
DA:307,0
DA:309,0
DA:314,1
DA:315,1
DA:316,1
DA:318,0
DA:320,0
DA:322,1
DA:323,2
DA:326,2
DA:327,1
DA:329,1
DA:331,3
DA:332,0
DA:337,0
DA:350,0
DA:358,2
DA:359,1
DA:360,1
DA:362,1
DA:363,1
DA:370,1
DA:371,1
DA:373,1
DA:374,1
DA:375,1
DA:376,2
DA:378,1
DA:380,1
DA:381,1
DA:382,1
DA:383,2
DA:385,1
DA:386,1
DA:388,1
DA:390,1
DA:398,1
DA:400,1
DA:402,1
LF:154
LH:77
end_of_record
SF:lib/features/leads/presentation/widgets/pagespeed_filter.dart
DA:6,1
DA:8,1
DA:9,1
DA:10,1
DA:14,1
DA:16,2
DA:17,3
DA:19,1
DA:21,1
DA:22,1
DA:24,0
DA:25,1
DA:26,1
DA:27,1
DA:28,0
DA:31,1
DA:33,1
DA:35,1
DA:36,1
DA:37,1
DA:39,1
DA:83,1
DA:85,1
DA:86,1
DA:87,0
DA:89,1
DA:90,1
DA:91,1
DA:98,2
DA:100,1
DA:102,1
DA:104,1
DA:105,1
DA:106,1
DA:110,1
DA:112,1
DA:113,1
DA:115,1
DA:116,1
DA:118,1
DA:128,1
DA:130,1
DA:132,1
DA:138,1
DA:141,1
DA:143,1
DA:144,2
DA:149,1
DA:150,1
DA:152,1
DA:153,1
DA:154,2
DA:155,1
DA:156,2
DA:170,1
DA:171,1
DA:172,1
DA:173,1
DA:175,2
DA:176,1
DA:177,2
DA:178,3
DA:186,1
DA:187,2
DA:191,0
DA:199,1
DA:201,1
DA:202,1
DA:203,1
DA:204,1
DA:213,1
DA:215,1
DA:216,1
DA:222,1
DA:223,1
DA:224,1
DA:233,1
DA:235,1
DA:236,1
DA:242,1
DA:243,1
DA:244,1
DA:253,1
DA:255,1
DA:256,1
DA:267,1
DA:269,1
DA:271,1
DA:272,1
DA:273,1
DA:277,1
DA:279,1
DA:286,1
DA:287,1
DA:289,1
DA:290,1
DA:291,2
DA:292,1
DA:294,1
DA:299,1
DA:301,1
DA:303,1
LF:102
LH:98
end_of_record
SF:lib/features/leads/presentation/providers/cities_provider.dart
DA:5,0
DA:6,0
DA:9,0
DA:10,0
DA:11,0
LF:5
LH:0
end_of_record
SF:lib/features/leads/presentation/pages/account_page.dart
DA:11,1
DA:13,1
DA:14,1
DA:18,1
DA:20,1
DA:21,1
DA:41,1
DA:42,1
DA:43,1
DA:44,1
DA:46,1
DA:47,1
DA:48,1
DA:49,1
DA:50,1
DA:52,1
DA:69,1
DA:71,1
DA:73,1
DA:83,1
DA:84,1
DA:85,1
DA:86,1
DA:90,0
DA:92,1
DA:93,1
DA:97,0
DA:99,1
DA:100,1
DA:104,0
DA:106,1
DA:107,1
DA:111,0
DA:113,1
DA:114,1
DA:118,0
DA:120,1
DA:121,1
DA:125,0
DA:133,1
DA:134,1
DA:135,1
DA:136,1
DA:140,0
DA:142,1
DA:143,1
DA:147,0
DA:149,1
DA:150,1
DA:154,0
DA:162,1
DA:163,1
DA:164,1
DA:165,1
DA:169,0
DA:171,1
DA:172,1
DA:176,0
DA:178,1
DA:179,1
DA:183,0
DA:197,1
DA:203,1
DA:205,1
DA:207,1
DA:208,1
DA:209,1
DA:210,1
DA:216,1
DA:217,1
DA:219,1
DA:220,1
DA:229,1
DA:231,1
DA:233,1
DA:251,1
DA:252,1
DA:255,1
DA:260,0
DA:261,0
DA:263,0
DA:267,0
DA:268,0
DA:271,0
DA:272,0
DA:276,0
DA:280,0
DA:285,0
DA:286,0
DA:288,0
DA:292,0
DA:293,0
DA:294,0
DA:298,0
DA:299,0
DA:300,0
DA:312,0
DA:314,0
DA:320,0
DA:321,0
DA:322,0
DA:323,0
DA:325,0
DA:326,0
DA:327,0
DA:329,0
DA:330,0
DA:333,0
DA:336,0
DA:338,0
DA:340,0
DA:344,0
DA:346,0
DA:348,0
DA:352,0
DA:353,0
DA:356,0
DA:366,0
DA:369,0
DA:370,0
DA:371,0
DA:372,0
DA:375,0
DA:376,0
DA:377,0
DA:383,0
DA:384,0
DA:385,0
DA:386,0
DA:388,0
DA:394,0
DA:396,0
DA:397,0
DA:400,0
DA:402,0
DA:405,0
DA:409,0
DA:410,0
DA:411,0
DA:413,0
DA:414,0
DA:416,0
DA:418,0
DA:422,0
DA:423,0
DA:424,0
DA:425,0
DA:429,0
DA:431,0
DA:433,0
DA:437,0
DA:438,0
DA:439,0
DA:440,0
DA:444,0
DA:446,0
DA:449,0
DA:470,0
DA:471,0
DA:472,0
DA:473,0
DA:474,0
DA:476,0
DA:478,0
DA:484,0
DA:485,0
DA:487,0
DA:488,0
DA:490,0
DA:492,0
DA:494,0
DA:496,0
DA:497,0
DA:498,0
DA:499,0
DA:501,0
DA:502,0
DA:503,0
DA:505,0
DA:506,0
DA:507,0
DA:513,0
DA:515,0
DA:517,0
DA:519,0
DA:521,0
DA:522,0
DA:523,0
DA:524,0
DA:526,0
DA:527,0
DA:528,0
DA:530,0
DA:531,0
DA:532,0
DA:538,0
DA:540,0
DA:542,0
DA:544,0
DA:546,0
DA:547,0
DA:548,0
DA:549,0
DA:551,0
DA:552,0
DA:553,0
DA:555,0
DA:556,0
DA:557,0
DA:563,0
DA:565,0
DA:567,0
DA:569,0
DA:571,0
DA:572,0
DA:573,0
DA:574,0
DA:576,0
DA:577,0
DA:578,0
DA:580,0
DA:581,0
DA:582,0
DA:590,0
DA:592,0
DA:594,0
DA:600,0
DA:601,0
DA:602,0
DA:605,0
DA:606,0
DA:607,0
DA:608,0
DA:609,0
DA:610,0
DA:611,0
DA:612,0
DA:613,0
DA:614,0
DA:615,0
DA:616,0
DA:617,0
DA:619,0
DA:620,0
DA:622,0
DA:623,0
DA:624,0
DA:625,0
DA:634,0
DA:646,0
DA:647,0
DA:648,0
DA:649,0
DA:650,0
DA:652,0
DA:654,0
DA:660,0
DA:661,0
DA:663,0
DA:664,0
DA:666,0
DA:668,0
DA:669,0
DA:671,0
DA:672,0
DA:673,0
DA:674,0
DA:676,0
DA:677,0
DA:678,0
DA:680,0
DA:681,0
DA:688,0
DA:690,0
DA:692,0
DA:693,0
DA:695,0
DA:696,0
DA:697,0
DA:698,0
DA:700,0
DA:701,0
DA:702,0
DA:704,0
DA:705,0
DA:712,0
DA:714,0
DA:716,0
DA:717,0
DA:719,0
DA:720,0
DA:721,0
DA:722,0
DA:724,0
DA:725,0
DA:726,0
DA:728,0
DA:729,0
DA:736,0
DA:738,0
DA:740,0
DA:741,0
DA:743,0
DA:744,0
DA:745,0
DA:746,0
DA:748,0
DA:749,0
DA:750,0
DA:752,0
DA:753,0
DA:762,0
DA:764,0
DA:766,0
DA:772,0
DA:773,0
DA:774,0
DA:777,0
DA:778,0
DA:779,0
DA:780,0
DA:781,0
DA:782,0
DA:783,0
DA:784,0
DA:785,0
DA:786,0
DA:787,0
DA:788,0
DA:789,0
DA:791,0
DA:792,0
DA:794,0
DA:795,0
DA:796,0
DA:797,0
DA:806,0
DA:818,0
DA:819,0
DA:821,0
DA:827,0
DA:828,0
DA:829,0
DA:831,0
DA:832,0
DA:833,0
DA:836,0
DA:837,0
DA:838,0
DA:839,0
DA:840,0
DA:841,0
DA:848,0
LF:353
LH:66
end_of_record
SF:lib/features/leads/presentation/widgets/email_settings_dialog.dart
DA:7,1
DA:9,0
DA:10,0
DA:26,0
DA:28,0
DA:29,0
DA:30,0
DA:31,0
DA:32,0
DA:33,0
DA:34,0
DA:35,0
DA:36,0
DA:37,0
DA:40,0
DA:42,0
DA:43,0
DA:44,0
DA:45,0
DA:46,0
DA:47,0
DA:48,0
DA:51,0
DA:52,0
DA:54,0
DA:55,0
DA:59,0
DA:60,0
DA:61,0
DA:62,0
DA:63,0
DA:64,0
DA:65,0
DA:66,0
DA:67,0
DA:70,0
DA:72,0
DA:73,0
DA:74,0
DA:82,0
DA:83,0
DA:84,0
DA:85,0
DA:91,0
DA:92,0
DA:97,0
DA:98,0
DA:99,0
DA:100,0
DA:101,0
DA:102,0
DA:103,0
DA:107,0
DA:109,0
DA:121,0
DA:122,0
DA:123,0
DA:124,0
DA:127,0
DA:129,0
DA:131,0
DA:132,0
DA:133,0
DA:134,0
DA:136,0
DA:138,0
DA:148,0
DA:149,0
DA:150,0
DA:151,0
DA:154,0
DA:168,0
DA:173,0
DA:174,0
DA:182,0
DA:184,0
DA:185,0
DA:193,0
DA:194,0
DA:196,0
DA:198,0
DA:200,0
DA:202,0
DA:203,0
DA:204,0
DA:205,0
DA:207,0
DA:208,0
DA:209,0
DA:211,0
DA:212,0
DA:218,0
DA:223,0
DA:224,0
DA:227,0
DA:229,0
DA:231,0
DA:233,0
DA:234,0
DA:235,0
DA:236,0
DA:238,0
DA:239,0
DA:240,0
DA:242,0
DA:243,0
DA:249,0
DA:254,0
DA:255,0
DA:257,0
DA:259,0
DA:261,0
DA:263,0
DA:264,0
DA:265,0
DA:266,0
DA:268,0
DA:269,0
DA:270,0
DA:272,0
DA:273,0
DA:279,0
DA:284,0
DA:285,0
DA:287,0
DA:288,0
DA:290,0
DA:292,0
DA:294,0
DA:295,0
DA:296,0
DA:297,0
DA:299,0
DA:300,0
DA:301,0
DA:303,0
DA:304,0
DA:307,0
DA:308,0
DA:309,0
DA:310,0
DA:313,0
DA:318,0
DA:324,0
DA:326,0
DA:327,0
DA:328,0
DA:329,0
DA:331,0
DA:333,0
DA:349,0
DA:355,0
DA:356,0
DA:367,0
DA:368,0
DA:369,0
DA:372,0
DA:373,0
DA:374,0
DA:378,0
LF:160
LH:1
end_of_record
SF:lib/features/leads/presentation/widgets/sales_pitch_modal.dart
DA:7,1
DA:9,0
DA:10,0
DA:14,0
DA:18,0
DA:19,0
DA:31,0
DA:33,0
DA:34,0
DA:35,0
DA:36,0
DA:39,0
DA:41,0
DA:42,0
DA:43,0
DA:44,0
DA:47,0
DA:48,0
DA:49,0
DA:50,0
DA:52,0
DA:53,0
DA:54,0
DA:55,0
DA:57,0
DA:58,0
DA:59,0
DA:60,0
DA:65,0
DA:66,0
DA:67,0
DA:68,0
DA:69,0
DA:70,0
DA:71,0
DA:72,0
DA:76,0
DA:77,0
DA:79,0
DA:81,0
DA:83,0
DA:84,0
DA:85,0
DA:86,0
DA:87,0
DA:88,0
DA:90,0
DA:93,0
DA:94,0
DA:95,0
DA:96,0
DA:97,0
DA:98,0
DA:99,0
DA:100,0
DA:102,0
DA:105,0
DA:108,0
DA:109,0
DA:110,0
DA:111,0
DA:118,0
DA:119,0
DA:120,0
DA:123,0
DA:124,0
DA:125,0
DA:132,0
DA:133,0
DA:137,0
DA:139,0
DA:141,0
DA:146,0
DA:147,0
DA:148,0
DA:149,0
DA:151,0
DA:153,0
DA:155,0
DA:159,0
DA:160,0
DA:161,0
DA:166,0
DA:167,0
DA:168,0
DA:169,0
DA:170,0
DA:172,0
DA:178,0
DA:179,0
DA:180,0
DA:181,0
DA:190,0
DA:191,0
DA:192,0
DA:193,0
DA:194,0
DA:201,0
DA:202,0
DA:204,0
DA:215,0
DA:216,0
DA:217,0
DA:218,0
DA:227,0
DA:228,0
DA:229,0
DA:230,0
DA:232,0
DA:233,0
DA:236,0
DA:239,0
DA:241,0
DA:243,0
DA:247,0
DA:249,0
DA:251,0
DA:261,0
DA:262,0
DA:263,0
DA:264,0
DA:268,0
DA:271,0
DA:272,0
DA:273,0
DA:274,0
DA:276,0
DA:277,0
DA:278,0
DA:279,0
DA:280,0
DA:283,0
DA:284,0
DA:285,0
DA:286,0
DA:289,0
DA:290,0
DA:291,0
DA:292,0
DA:294,0
DA:295,0
DA:296,0
DA:297,0
DA:298,0
DA:305,0
DA:307,0
DA:312,0
DA:313,0
DA:314,0
DA:328,0
DA:330,0
DA:331,0
DA:332,0
DA:334,0
DA:341,0
DA:342,0
DA:344,0
DA:346,0
DA:347,0
DA:349,0
DA:350,0
DA:352,0
DA:353,0
DA:357,0
DA:368,0
DA:369,0
DA:379,0
DA:380,0
DA:394,0
DA:395,0
DA:397,0
DA:398,0
DA:399,0
DA:401,0
DA:402,0
DA:403,0
DA:405,0
DA:411,0
DA:413,0
DA:414,0
DA:415,0
DA:416,0
DA:418,0
DA:421,0
DA:422,0
DA:425,0
DA:439,0
DA:440,0
DA:441,0
DA:442,0
DA:444,0
DA:446,0
DA:447,0
DA:448,0
DA:450,0
DA:453,0
DA:454,0
DA:455,0
DA:456,0
DA:458,0
DA:459,0
DA:460,0
DA:462,0
DA:463,0
DA:467,0
DA:469,0
DA:470,0
DA:477,0
DA:478,0
DA:480,0
DA:483,0
DA:484,0
DA:485,0
DA:486,0
DA:488,0
DA:489,0
DA:490,0
DA:492,0
DA:493,0
DA:497,0
DA:501,0
DA:502,0
DA:505,0
DA:509,0
DA:510,0
DA:511,0
DA:512,0
DA:514,0
DA:515,0
DA:516,0
DA:518,0
DA:519,0
DA:523,0
DA:525,0
DA:526,0
DA:533,0
DA:534,0
DA:535,0
DA:536,0
DA:538,0
DA:543,0
DA:545,0
DA:547,0
DA:548,0
DA:549,0
DA:550,0
DA:557,0
DA:559,0
DA:560,0
DA:561,0
DA:562,0
DA:564,0
DA:565,0
DA:568,0
DA:569,0
DA:571,0
DA:572,0
DA:587,0
DA:588,0
DA:589,0
DA:591,0
DA:592,0
DA:593,0
DA:596,0
DA:598,0
DA:599,0
DA:600,0
DA:602,0
LF:268
LH:1
end_of_record
SF:lib/features/leads/presentation/widgets/lead_sales_pitch_section.dart
DA:13,1
DA:20,1
DA:21,1
DA:28,1
DA:30,1
DA:31,4
DA:34,3
DA:35,0
DA:39,0
DA:40,0
DA:41,0
DA:45,0
DA:48,1
DA:50,3
DA:52,1
DA:53,1
DA:56,1
DA:58,1
DA:59,1
DA:60,2
DA:61,0
DA:62,1
DA:63,2
DA:66,1
DA:67,1
DA:69,1
DA:70,1
DA:81,1
DA:83,0
DA:90,2
DA:92,0
DA:93,0
DA:95,0
DA:96,0
DA:100,0
DA:101,0
DA:102,0
DA:103,0
DA:104,0
DA:110,1
DA:112,1
DA:114,1
DA:115,1
DA:116,0
DA:117,1
DA:118,1
DA:119,1
DA:120,1
DA:121,1
DA:122,2
DA:123,0
DA:124,1
DA:125,2
DA:128,1
DA:129,1
DA:131,1
DA:132,1
DA:133,1
DA:134,1
DA:136,2
DA:138,1
DA:142,1
DA:143,1
DA:145,1
DA:146,1
DA:148,1
DA:151,1
DA:154,0
DA:156,0
DA:157,0
DA:164,2
DA:177,1
DA:178,1
DA:179,1
DA:187,1
DA:188,0
DA:190,0
DA:192,0
DA:194,0
DA:196,0
DA:198,0
DA:200,0
DA:201,0
DA:203,0
DA:204,0
DA:205,0
DA:206,0
DA:207,0
DA:210,0
DA:212,0
DA:213,0
DA:214,0
DA:215,0
DA:216,0
DA:217,0
DA:225,0
DA:226,0
DA:229,0
DA:231,0
DA:232,0
DA:233,0
DA:245,0
DA:246,0
DA:247,0
DA:249,0
DA:260,0
DA:261,0
DA:263,0
DA:266,0
DA:270,0
DA:271,0
DA:272,0
DA:275,0
DA:277,0
DA:278,0
DA:279,0
DA:296,0
DA:297,0
DA:299,0
DA:301,0
DA:302,0
DA:303,0
DA:304,0
DA:305,0
DA:306,0
DA:307,0
DA:309,0
DA:310,0
DA:311,0
DA:313,0
DA:314,0
DA:317,0
DA:319,0
DA:320,0
DA:321,0
DA:322,0
DA:323,0
DA:324,0
DA:325,0
DA:332,0
DA:333,0
DA:335,0
DA:336,0
DA:337,0
DA:351,0
DA:353,0
DA:354,0
DA:355,0
DA:357,0
DA:361,0
DA:362,0
DA:363,0
DA:366,0
DA:368,0
LF:154
LH:54
end_of_record
